14:57:02  DEBUG o.s.c.a.AnnotationConfigApplicationContext - Refreshing org.springframework.context.annotation.AnnotationConfigApplicationContext@3fbe9d29
14:57:02  DEBUG o.s.b.f.s.DefaultListableBeanFactory - Creating shared instance of singleton bean 'org.springframework.context.annotation.internalConfigurationAnnotationProcessor'
14:57:02  DEBUG o.s.b.f.s.DefaultListableBeanFactory - Creating shared instance of singleton bean 'org.springframework.context.event.internalEventListenerProcessor'
14:57:02  DEBUG o.s.b.f.s.DefaultListableBeanFactory - Creating shared instance of singleton bean 'org.springframework.context.event.internalEventListenerFactory'
14:57:02  DEBUG o.s.b.f.s.DefaultListableBeanFactory - Creating shared instance of singleton bean 'org.springframework.context.annotation.internalAutowiredAnnotationProcessor'
14:57:02  DEBUG o.s.b.f.s.DefaultListableBeanFactory - Creating shared instance of singleton bean 'org.springframework.context.annotation.internalCommonAnnotationProcessor'
14:57:02  DEBUG o.s.b.f.s.DefaultListableBeanFactory - Creating shared instance of singleton bean 'org.springframework.aop.config.internalAutoProxyCreator'
14:57:02  DEBUG o.s.b.f.s.DefaultListableBeanFactory - Creating shared instance of singleton bean 'defaultBeanConfiguration'
14:57:03  DEBUG o.s.a.a.a.ReflectiveAspectJAdvisorFactory - Found AspectJ method: public java.lang.Object io.appium.java_client.events.DefaultAspect.doAround(org.aspectj.lang.ProceedingJoinPoint) throws java.lang.Throwable
14:57:03  DEBUG o.s.a.a.a.ReflectiveAspectJAdvisorFactory - Found AspectJ method: public void io.appium.java_client.events.DefaultAspect.beforeAlertAccept(org.aspectj.lang.JoinPoint) throws java.lang.Throwable
14:57:03  DEBUG o.s.a.a.a.ReflectiveAspectJAdvisorFactory - Found AspectJ method: public void io.appium.java_client.events.DefaultAspect.beforeAlertDismiss(org.aspectj.lang.JoinPoint) throws java.lang.Throwable
14:57:03  DEBUG o.s.a.a.a.ReflectiveAspectJAdvisorFactory - Found AspectJ method: public void io.appium.java_client.events.DefaultAspect.beforeAlertSendKeys(org.aspectj.lang.JoinPoint) throws java.lang.Throwable
14:57:03  DEBUG o.s.a.a.a.ReflectiveAspectJAdvisorFactory - Found AspectJ method: public void io.appium.java_client.events.DefaultAspect.beforeChangeValueOf(org.aspectj.lang.JoinPoint) throws java.lang.Throwable
14:57:03  DEBUG o.s.a.a.a.ReflectiveAspectJAdvisorFactory - Found AspectJ method: public void io.appium.java_client.events.DefaultAspect.beforeClickOn(org.aspectj.lang.JoinPoint) throws java.lang.Throwable
14:57:03  DEBUG o.s.a.a.a.ReflectiveAspectJAdvisorFactory - Found AspectJ method: public void io.appium.java_client.events.DefaultAspect.beforeFindBy(org.aspectj.lang.JoinPoint) throws java.lang.Throwable
14:57:03  DEBUG o.s.a.a.a.ReflectiveAspectJAdvisorFactory - Found AspectJ method: public void io.appium.java_client.events.DefaultAspect.beforeMaximization(org.aspectj.lang.JoinPoint) throws java.lang.Throwable
14:57:03  DEBUG o.s.a.a.a.ReflectiveAspectJAdvisorFactory - Found AspectJ method: public void io.appium.java_client.events.DefaultAspect.beforeNavigateBack(org.aspectj.lang.JoinPoint) throws java.lang.Throwable
14:57:03  DEBUG o.s.a.a.a.ReflectiveAspectJAdvisorFactory - Found AspectJ method: public void io.appium.java_client.events.DefaultAspect.beforeNavigateForward(org.aspectj.lang.JoinPoint) throws java.lang.Throwable
14:57:03  DEBUG o.s.a.a.a.ReflectiveAspectJAdvisorFactory - Found AspectJ method: public void io.appium.java_client.events.DefaultAspect.beforeNavigateRefresh(org.aspectj.lang.JoinPoint) throws java.lang.Throwable
14:57:03  DEBUG o.s.a.a.a.ReflectiveAspectJAdvisorFactory - Found AspectJ method: public void io.appium.java_client.events.DefaultAspect.beforeNavigateTo(org.aspectj.lang.JoinPoint) throws java.lang.Throwable
14:57:03  DEBUG o.s.a.a.a.ReflectiveAspectJAdvisorFactory - Found AspectJ method: public void io.appium.java_client.events.DefaultAspect.beforeRotation(org.aspectj.lang.JoinPoint) throws java.lang.Throwable
14:57:03  DEBUG o.s.a.a.a.ReflectiveAspectJAdvisorFactory - Found AspectJ method: public void io.appium.java_client.events.DefaultAspect.beforeScript(org.aspectj.lang.JoinPoint) throws java.lang.Throwable
14:57:03  DEBUG o.s.a.a.a.ReflectiveAspectJAdvisorFactory - Found AspectJ method: public void io.appium.java_client.events.DefaultAspect.beforeSwitchToWindow(org.aspectj.lang.JoinPoint) throws java.lang.Throwable
14:57:03  DEBUG o.s.a.a.a.ReflectiveAspectJAdvisorFactory - Found AspectJ method: public void io.appium.java_client.events.DefaultAspect.beforeSwitchingToContext(org.aspectj.lang.JoinPoint) throws java.lang.Throwable
14:57:03  DEBUG o.s.a.a.a.ReflectiveAspectJAdvisorFactory - Found AspectJ method: public void io.appium.java_client.events.DefaultAspect.beforeTakeScreenShot(org.aspectj.lang.JoinPoint) throws java.lang.Throwable
14:57:03  DEBUG o.s.a.a.a.ReflectiveAspectJAdvisorFactory - Found AspectJ method: public void io.appium.java_client.events.DefaultAspect.beforeWindowIsMoved(org.aspectj.lang.JoinPoint) throws java.lang.Throwable
14:57:03  DEBUG o.s.a.a.a.ReflectiveAspectJAdvisorFactory - Found AspectJ method: public void io.appium.java_client.events.DefaultAspect.beforeWindowIsResized(org.aspectj.lang.JoinPoint) throws java.lang.Throwable
14:57:03  DEBUG o.s.a.a.a.ReflectiveAspectJAdvisorFactory - Found AspectJ method: public void io.appium.java_client.events.DefaultAspect.afterAlertAccept(org.aspectj.lang.JoinPoint) throws java.lang.Throwable
14:57:03  DEBUG o.s.a.a.a.ReflectiveAspectJAdvisorFactory - Found AspectJ method: public void io.appium.java_client.events.DefaultAspect.afterAlertDismiss(org.aspectj.lang.JoinPoint) throws java.lang.Throwable
14:57:03  DEBUG o.s.a.a.a.ReflectiveAspectJAdvisorFactory - Found AspectJ method: public void io.appium.java_client.events.DefaultAspect.afterAlertSendKeys(org.aspectj.lang.JoinPoint) throws java.lang.Throwable
14:57:03  DEBUG o.s.a.a.a.ReflectiveAspectJAdvisorFactory - Found AspectJ method: public void io.appium.java_client.events.DefaultAspect.afterChangeValueOf(org.aspectj.lang.JoinPoint) throws java.lang.Throwable
14:57:03  DEBUG o.s.a.a.a.ReflectiveAspectJAdvisorFactory - Found AspectJ method: public void io.appium.java_client.events.DefaultAspect.afterClickOn(org.aspectj.lang.JoinPoint) throws java.lang.Throwable
14:57:03  DEBUG o.s.a.a.a.ReflectiveAspectJAdvisorFactory - Found AspectJ method: public void io.appium.java_client.events.DefaultAspect.afterFindBy(org.aspectj.lang.JoinPoint) throws java.lang.Throwable
14:57:03  DEBUG o.s.a.a.a.ReflectiveAspectJAdvisorFactory - Found AspectJ method: public void io.appium.java_client.events.DefaultAspect.afterMaximization(org.aspectj.lang.JoinPoint) throws java.lang.Throwable
14:57:03  DEBUG o.s.a.a.a.ReflectiveAspectJAdvisorFactory - Found AspectJ method: public void io.appium.java_client.events.DefaultAspect.afterNavigateBack(org.aspectj.lang.JoinPoint) throws java.lang.Throwable
14:57:03  DEBUG o.s.a.a.a.ReflectiveAspectJAdvisorFactory - Found AspectJ method: public void io.appium.java_client.events.DefaultAspect.afterNavigateForward(org.aspectj.lang.JoinPoint) throws java.lang.Throwable
14:57:03  DEBUG o.s.a.a.a.ReflectiveAspectJAdvisorFactory - Found AspectJ method: public void io.appium.java_client.events.DefaultAspect.afterNavigateRefresh(org.aspectj.lang.JoinPoint) throws java.lang.Throwable
14:57:03  DEBUG o.s.a.a.a.ReflectiveAspectJAdvisorFactory - Found AspectJ method: public void io.appium.java_client.events.DefaultAspect.afterNavigateTo(org.aspectj.lang.JoinPoint) throws java.lang.Throwable
14:57:03  DEBUG o.s.a.a.a.ReflectiveAspectJAdvisorFactory - Found AspectJ method: public void io.appium.java_client.events.DefaultAspect.afterRotation(org.aspectj.lang.JoinPoint) throws java.lang.Throwable
14:57:03  DEBUG o.s.a.a.a.ReflectiveAspectJAdvisorFactory - Found AspectJ method: public void io.appium.java_client.events.DefaultAspect.afterScript(org.aspectj.lang.JoinPoint) throws java.lang.Throwable
14:57:03  DEBUG o.s.a.a.a.ReflectiveAspectJAdvisorFactory - Found AspectJ method: public void io.appium.java_client.events.DefaultAspect.afterSwitchToWindow(org.aspectj.lang.JoinPoint) throws java.lang.Throwable
14:57:03  DEBUG o.s.a.a.a.ReflectiveAspectJAdvisorFactory - Found AspectJ method: public void io.appium.java_client.events.DefaultAspect.afterSwitchingToContextn(org.aspectj.lang.JoinPoint) throws java.lang.Throwable
14:57:03  DEBUG o.s.a.a.a.ReflectiveAspectJAdvisorFactory - Found AspectJ method: public void io.appium.java_client.events.DefaultAspect.afterWindowIsMoved(org.aspectj.lang.JoinPoint) throws java.lang.Throwable
14:57:03  DEBUG o.s.a.a.a.ReflectiveAspectJAdvisorFactory - Found AspectJ method: public void io.appium.java_client.events.DefaultAspect.afterWindowIsResized(org.aspectj.lang.JoinPoint) throws java.lang.Throwable
14:57:03  DEBUG o.s.a.a.a.ReflectiveAspectJAdvisorFactory - Found AspectJ method: public void io.appium.java_client.events.DefaultAspect.afterTakeScreenShot(org.aspectj.lang.JoinPoint,java.lang.Object) throws java.lang.Throwable
14:57:03  DEBUG o.s.a.a.a.ReflectiveAspectJAdvisorFactory - Found AspectJ method: public java.lang.Object io.appium.java_client.events.DefaultAspect.doAround(org.aspectj.lang.ProceedingJoinPoint) throws java.lang.Throwable
14:57:03  DEBUG o.s.a.a.a.ReflectiveAspectJAdvisorFactory - Found AspectJ method: public void io.appium.java_client.events.DefaultAspect.beforeAlertAccept(org.aspectj.lang.JoinPoint) throws java.lang.Throwable
14:57:03  DEBUG o.s.a.a.a.ReflectiveAspectJAdvisorFactory - Found AspectJ method: public void io.appium.java_client.events.DefaultAspect.beforeAlertDismiss(org.aspectj.lang.JoinPoint) throws java.lang.Throwable
14:57:03  DEBUG o.s.a.a.a.ReflectiveAspectJAdvisorFactory - Found AspectJ method: public void io.appium.java_client.events.DefaultAspect.beforeAlertSendKeys(org.aspectj.lang.JoinPoint) throws java.lang.Throwable
14:57:03  DEBUG o.s.a.a.a.ReflectiveAspectJAdvisorFactory - Found AspectJ method: public void io.appium.java_client.events.DefaultAspect.beforeChangeValueOf(org.aspectj.lang.JoinPoint) throws java.lang.Throwable
14:57:03  DEBUG o.s.a.a.a.ReflectiveAspectJAdvisorFactory - Found AspectJ method: public void io.appium.java_client.events.DefaultAspect.beforeClickOn(org.aspectj.lang.JoinPoint) throws java.lang.Throwable
14:57:03  DEBUG o.s.a.a.a.ReflectiveAspectJAdvisorFactory - Found AspectJ method: public void io.appium.java_client.events.DefaultAspect.beforeFindBy(org.aspectj.lang.JoinPoint) throws java.lang.Throwable
14:57:03  DEBUG o.s.a.a.a.ReflectiveAspectJAdvisorFactory - Found AspectJ method: public void io.appium.java_client.events.DefaultAspect.beforeMaximization(org.aspectj.lang.JoinPoint) throws java.lang.Throwable
14:57:03  DEBUG o.s.a.a.a.ReflectiveAspectJAdvisorFactory - Found AspectJ method: public void io.appium.java_client.events.DefaultAspect.beforeNavigateBack(org.aspectj.lang.JoinPoint) throws java.lang.Throwable
14:57:03  DEBUG o.s.a.a.a.ReflectiveAspectJAdvisorFactory - Found AspectJ method: public void io.appium.java_client.events.DefaultAspect.beforeNavigateForward(org.aspectj.lang.JoinPoint) throws java.lang.Throwable
14:57:03  DEBUG o.s.a.a.a.ReflectiveAspectJAdvisorFactory - Found AspectJ method: public void io.appium.java_client.events.DefaultAspect.beforeNavigateRefresh(org.aspectj.lang.JoinPoint) throws java.lang.Throwable
14:57:03  DEBUG o.s.a.a.a.ReflectiveAspectJAdvisorFactory - Found AspectJ method: public void io.appium.java_client.events.DefaultAspect.beforeNavigateTo(org.aspectj.lang.JoinPoint) throws java.lang.Throwable
14:57:03  DEBUG o.s.a.a.a.ReflectiveAspectJAdvisorFactory - Found AspectJ method: public void io.appium.java_client.events.DefaultAspect.beforeRotation(org.aspectj.lang.JoinPoint) throws java.lang.Throwable
14:57:03  DEBUG o.s.a.a.a.ReflectiveAspectJAdvisorFactory - Found AspectJ method: public void io.appium.java_client.events.DefaultAspect.beforeScript(org.aspectj.lang.JoinPoint) throws java.lang.Throwable
14:57:03  DEBUG o.s.a.a.a.ReflectiveAspectJAdvisorFactory - Found AspectJ method: public void io.appium.java_client.events.DefaultAspect.beforeSwitchToWindow(org.aspectj.lang.JoinPoint) throws java.lang.Throwable
14:57:03  DEBUG o.s.a.a.a.ReflectiveAspectJAdvisorFactory - Found AspectJ method: public void io.appium.java_client.events.DefaultAspect.beforeSwitchingToContext(org.aspectj.lang.JoinPoint) throws java.lang.Throwable
14:57:03  DEBUG o.s.a.a.a.ReflectiveAspectJAdvisorFactory - Found AspectJ method: public void io.appium.java_client.events.DefaultAspect.beforeTakeScreenShot(org.aspectj.lang.JoinPoint) throws java.lang.Throwable
14:57:03  DEBUG o.s.a.a.a.ReflectiveAspectJAdvisorFactory - Found AspectJ method: public void io.appium.java_client.events.DefaultAspect.beforeWindowIsMoved(org.aspectj.lang.JoinPoint) throws java.lang.Throwable
14:57:03  DEBUG o.s.a.a.a.ReflectiveAspectJAdvisorFactory - Found AspectJ method: public void io.appium.java_client.events.DefaultAspect.beforeWindowIsResized(org.aspectj.lang.JoinPoint) throws java.lang.Throwable
14:57:03  DEBUG o.s.a.a.a.ReflectiveAspectJAdvisorFactory - Found AspectJ method: public void io.appium.java_client.events.DefaultAspect.afterAlertAccept(org.aspectj.lang.JoinPoint) throws java.lang.Throwable
14:57:03  DEBUG o.s.a.a.a.ReflectiveAspectJAdvisorFactory - Found AspectJ method: public void io.appium.java_client.events.DefaultAspect.afterAlertDismiss(org.aspectj.lang.JoinPoint) throws java.lang.Throwable
14:57:03  DEBUG o.s.a.a.a.ReflectiveAspectJAdvisorFactory - Found AspectJ method: public void io.appium.java_client.events.DefaultAspect.afterAlertSendKeys(org.aspectj.lang.JoinPoint) throws java.lang.Throwable
14:57:03  DEBUG o.s.a.a.a.ReflectiveAspectJAdvisorFactory - Found AspectJ method: public void io.appium.java_client.events.DefaultAspect.afterChangeValueOf(org.aspectj.lang.JoinPoint) throws java.lang.Throwable
14:57:03  DEBUG o.s.a.a.a.ReflectiveAspectJAdvisorFactory - Found AspectJ method: public void io.appium.java_client.events.DefaultAspect.afterClickOn(org.aspectj.lang.JoinPoint) throws java.lang.Throwable
14:57:03  DEBUG o.s.a.a.a.ReflectiveAspectJAdvisorFactory - Found AspectJ method: public void io.appium.java_client.events.DefaultAspect.afterFindBy(org.aspectj.lang.JoinPoint) throws java.lang.Throwable
14:57:03  DEBUG o.s.a.a.a.ReflectiveAspectJAdvisorFactory - Found AspectJ method: public void io.appium.java_client.events.DefaultAspect.afterMaximization(org.aspectj.lang.JoinPoint) throws java.lang.Throwable
14:57:03  DEBUG o.s.a.a.a.ReflectiveAspectJAdvisorFactory - Found AspectJ method: public void io.appium.java_client.events.DefaultAspect.afterNavigateBack(org.aspectj.lang.JoinPoint) throws java.lang.Throwable
14:57:03  DEBUG o.s.a.a.a.ReflectiveAspectJAdvisorFactory - Found AspectJ method: public void io.appium.java_client.events.DefaultAspect.afterNavigateForward(org.aspectj.lang.JoinPoint) throws java.lang.Throwable
14:57:03  DEBUG o.s.a.a.a.ReflectiveAspectJAdvisorFactory - Found AspectJ method: public void io.appium.java_client.events.DefaultAspect.afterNavigateRefresh(org.aspectj.lang.JoinPoint) throws java.lang.Throwable
14:57:03  DEBUG o.s.a.a.a.ReflectiveAspectJAdvisorFactory - Found AspectJ method: public void io.appium.java_client.events.DefaultAspect.afterNavigateTo(org.aspectj.lang.JoinPoint) throws java.lang.Throwable
14:57:03  DEBUG o.s.a.a.a.ReflectiveAspectJAdvisorFactory - Found AspectJ method: public void io.appium.java_client.events.DefaultAspect.afterRotation(org.aspectj.lang.JoinPoint) throws java.lang.Throwable
14:57:03  DEBUG o.s.a.a.a.ReflectiveAspectJAdvisorFactory - Found AspectJ method: public void io.appium.java_client.events.DefaultAspect.afterScript(org.aspectj.lang.JoinPoint) throws java.lang.Throwable
14:57:03  DEBUG o.s.a.a.a.ReflectiveAspectJAdvisorFactory - Found AspectJ method: public void io.appium.java_client.events.DefaultAspect.afterSwitchToWindow(org.aspectj.lang.JoinPoint) throws java.lang.Throwable
14:57:03  DEBUG o.s.a.a.a.ReflectiveAspectJAdvisorFactory - Found AspectJ method: public void io.appium.java_client.events.DefaultAspect.afterSwitchingToContextn(org.aspectj.lang.JoinPoint) throws java.lang.Throwable
14:57:03  DEBUG o.s.a.a.a.ReflectiveAspectJAdvisorFactory - Found AspectJ method: public void io.appium.java_client.events.DefaultAspect.afterWindowIsMoved(org.aspectj.lang.JoinPoint) throws java.lang.Throwable
14:57:03  DEBUG o.s.a.a.a.ReflectiveAspectJAdvisorFactory - Found AspectJ method: public void io.appium.java_client.events.DefaultAspect.afterWindowIsResized(org.aspectj.lang.JoinPoint) throws java.lang.Throwable
14:57:03  DEBUG o.s.a.a.a.ReflectiveAspectJAdvisorFactory - Found AspectJ method: public void io.appium.java_client.events.DefaultAspect.afterTakeScreenShot(org.aspectj.lang.JoinPoint,java.lang.Object) throws java.lang.Throwable
14:57:03  DEBUG o.s.a.a.a.ReflectiveAspectJAdvisorFactory - Found AspectJ method: public java.lang.Object io.appium.java_client.events.DefaultAspect.doAround(org.aspectj.lang.ProceedingJoinPoint) throws java.lang.Throwable
14:57:03  DEBUG o.s.a.a.a.ReflectiveAspectJAdvisorFactory - Found AspectJ method: public void io.appium.java_client.events.DefaultAspect.beforeAlertAccept(org.aspectj.lang.JoinPoint) throws java.lang.Throwable
14:57:03  DEBUG o.s.a.a.a.ReflectiveAspectJAdvisorFactory - Found AspectJ method: public void io.appium.java_client.events.DefaultAspect.beforeAlertDismiss(org.aspectj.lang.JoinPoint) throws java.lang.Throwable
14:57:03  DEBUG o.s.a.a.a.ReflectiveAspectJAdvisorFactory - Found AspectJ method: public void io.appium.java_client.events.DefaultAspect.beforeAlertSendKeys(org.aspectj.lang.JoinPoint) throws java.lang.Throwable
14:57:03  DEBUG o.s.a.a.a.ReflectiveAspectJAdvisorFactory - Found AspectJ method: public void io.appium.java_client.events.DefaultAspect.beforeChangeValueOf(org.aspectj.lang.JoinPoint) throws java.lang.Throwable
14:57:03  DEBUG o.s.a.a.a.ReflectiveAspectJAdvisorFactory - Found AspectJ method: public void io.appium.java_client.events.DefaultAspect.beforeClickOn(org.aspectj.lang.JoinPoint) throws java.lang.Throwable
14:57:03  DEBUG o.s.a.a.a.ReflectiveAspectJAdvisorFactory - Found AspectJ method: public void io.appium.java_client.events.DefaultAspect.beforeFindBy(org.aspectj.lang.JoinPoint) throws java.lang.Throwable
14:57:03  DEBUG o.s.a.a.a.ReflectiveAspectJAdvisorFactory - Found AspectJ method: public void io.appium.java_client.events.DefaultAspect.beforeMaximization(org.aspectj.lang.JoinPoint) throws java.lang.Throwable
14:57:03  DEBUG o.s.a.a.a.ReflectiveAspectJAdvisorFactory - Found AspectJ method: public void io.appium.java_client.events.DefaultAspect.beforeNavigateBack(org.aspectj.lang.JoinPoint) throws java.lang.Throwable
14:57:03  DEBUG o.s.a.a.a.ReflectiveAspectJAdvisorFactory - Found AspectJ method: public void io.appium.java_client.events.DefaultAspect.beforeNavigateForward(org.aspectj.lang.JoinPoint) throws java.lang.Throwable
14:57:03  DEBUG o.s.a.a.a.ReflectiveAspectJAdvisorFactory - Found AspectJ method: public void io.appium.java_client.events.DefaultAspect.beforeNavigateRefresh(org.aspectj.lang.JoinPoint) throws java.lang.Throwable
14:57:03  DEBUG o.s.a.a.a.ReflectiveAspectJAdvisorFactory - Found AspectJ method: public void io.appium.java_client.events.DefaultAspect.beforeNavigateTo(org.aspectj.lang.JoinPoint) throws java.lang.Throwable
14:57:03  DEBUG o.s.a.a.a.ReflectiveAspectJAdvisorFactory - Found AspectJ method: public void io.appium.java_client.events.DefaultAspect.beforeRotation(org.aspectj.lang.JoinPoint) throws java.lang.Throwable
14:57:03  DEBUG o.s.a.a.a.ReflectiveAspectJAdvisorFactory - Found AspectJ method: public void io.appium.java_client.events.DefaultAspect.beforeScript(org.aspectj.lang.JoinPoint) throws java.lang.Throwable
14:57:03  DEBUG o.s.a.a.a.ReflectiveAspectJAdvisorFactory - Found AspectJ method: public void io.appium.java_client.events.DefaultAspect.beforeSwitchToWindow(org.aspectj.lang.JoinPoint) throws java.lang.Throwable
14:57:03  DEBUG o.s.a.a.a.ReflectiveAspectJAdvisorFactory - Found AspectJ method: public void io.appium.java_client.events.DefaultAspect.beforeSwitchingToContext(org.aspectj.lang.JoinPoint) throws java.lang.Throwable
14:57:03  DEBUG o.s.a.a.a.ReflectiveAspectJAdvisorFactory - Found AspectJ method: public void io.appium.java_client.events.DefaultAspect.beforeTakeScreenShot(org.aspectj.lang.JoinPoint) throws java.lang.Throwable
14:57:03  DEBUG o.s.a.a.a.ReflectiveAspectJAdvisorFactory - Found AspectJ method: public void io.appium.java_client.events.DefaultAspect.beforeWindowIsMoved(org.aspectj.lang.JoinPoint) throws java.lang.Throwable
14:57:03  DEBUG o.s.a.a.a.ReflectiveAspectJAdvisorFactory - Found AspectJ method: public void io.appium.java_client.events.DefaultAspect.beforeWindowIsResized(org.aspectj.lang.JoinPoint) throws java.lang.Throwable
14:57:03  DEBUG o.s.a.a.a.ReflectiveAspectJAdvisorFactory - Found AspectJ method: public void io.appium.java_client.events.DefaultAspect.afterAlertAccept(org.aspectj.lang.JoinPoint) throws java.lang.Throwable
14:57:03  DEBUG o.s.a.a.a.ReflectiveAspectJAdvisorFactory - Found AspectJ method: public void io.appium.java_client.events.DefaultAspect.afterAlertDismiss(org.aspectj.lang.JoinPoint) throws java.lang.Throwable
14:57:03  DEBUG o.s.a.a.a.ReflectiveAspectJAdvisorFactory - Found AspectJ method: public void io.appium.java_client.events.DefaultAspect.afterAlertSendKeys(org.aspectj.lang.JoinPoint) throws java.lang.Throwable
14:57:03  DEBUG o.s.a.a.a.ReflectiveAspectJAdvisorFactory - Found AspectJ method: public void io.appium.java_client.events.DefaultAspect.afterChangeValueOf(org.aspectj.lang.JoinPoint) throws java.lang.Throwable
14:57:03  DEBUG o.s.a.a.a.ReflectiveAspectJAdvisorFactory - Found AspectJ method: public void io.appium.java_client.events.DefaultAspect.afterClickOn(org.aspectj.lang.JoinPoint) throws java.lang.Throwable
14:57:03  DEBUG o.s.a.a.a.ReflectiveAspectJAdvisorFactory - Found AspectJ method: public void io.appium.java_client.events.DefaultAspect.afterFindBy(org.aspectj.lang.JoinPoint) throws java.lang.Throwable
14:57:03  DEBUG o.s.a.a.a.ReflectiveAspectJAdvisorFactory - Found AspectJ method: public void io.appium.java_client.events.DefaultAspect.afterMaximization(org.aspectj.lang.JoinPoint) throws java.lang.Throwable
14:57:03  DEBUG o.s.a.a.a.ReflectiveAspectJAdvisorFactory - Found AspectJ method: public void io.appium.java_client.events.DefaultAspect.afterNavigateBack(org.aspectj.lang.JoinPoint) throws java.lang.Throwable
14:57:03  DEBUG o.s.a.a.a.ReflectiveAspectJAdvisorFactory - Found AspectJ method: public void io.appium.java_client.events.DefaultAspect.afterNavigateForward(org.aspectj.lang.JoinPoint) throws java.lang.Throwable
14:57:03  DEBUG o.s.a.a.a.ReflectiveAspectJAdvisorFactory - Found AspectJ method: public void io.appium.java_client.events.DefaultAspect.afterNavigateRefresh(org.aspectj.lang.JoinPoint) throws java.lang.Throwable
14:57:03  DEBUG o.s.a.a.a.ReflectiveAspectJAdvisorFactory - Found AspectJ method: public void io.appium.java_client.events.DefaultAspect.afterNavigateTo(org.aspectj.lang.JoinPoint) throws java.lang.Throwable
14:57:03  DEBUG o.s.a.a.a.ReflectiveAspectJAdvisorFactory - Found AspectJ method: public void io.appium.java_client.events.DefaultAspect.afterRotation(org.aspectj.lang.JoinPoint) throws java.lang.Throwable
14:57:03  DEBUG o.s.a.a.a.ReflectiveAspectJAdvisorFactory - Found AspectJ method: public void io.appium.java_client.events.DefaultAspect.afterScript(org.aspectj.lang.JoinPoint) throws java.lang.Throwable
14:57:03  DEBUG o.s.a.a.a.ReflectiveAspectJAdvisorFactory - Found AspectJ method: public void io.appium.java_client.events.DefaultAspect.afterSwitchToWindow(org.aspectj.lang.JoinPoint) throws java.lang.Throwable
14:57:03  DEBUG o.s.a.a.a.ReflectiveAspectJAdvisorFactory - Found AspectJ method: public void io.appium.java_client.events.DefaultAspect.afterSwitchingToContextn(org.aspectj.lang.JoinPoint) throws java.lang.Throwable
14:57:03  DEBUG o.s.a.a.a.ReflectiveAspectJAdvisorFactory - Found AspectJ method: public void io.appium.java_client.events.DefaultAspect.afterWindowIsMoved(org.aspectj.lang.JoinPoint) throws java.lang.Throwable
14:57:03  DEBUG o.s.a.a.a.ReflectiveAspectJAdvisorFactory - Found AspectJ method: public void io.appium.java_client.events.DefaultAspect.afterWindowIsResized(org.aspectj.lang.JoinPoint) throws java.lang.Throwable
14:57:03  DEBUG o.s.a.a.a.ReflectiveAspectJAdvisorFactory - Found AspectJ method: public void io.appium.java_client.events.DefaultAspect.afterTakeScreenShot(org.aspectj.lang.JoinPoint,java.lang.Object) throws java.lang.Throwable
14:57:03  DEBUG o.s.a.a.a.ReflectiveAspectJAdvisorFactory - Found AspectJ method: public java.lang.Object io.appium.java_client.events.DefaultAspect.doAround(org.aspectj.lang.ProceedingJoinPoint) throws java.lang.Throwable
14:57:03  DEBUG o.s.a.a.a.ReflectiveAspectJAdvisorFactory - Found AspectJ method: public void io.appium.java_client.events.DefaultAspect.beforeAlertAccept(org.aspectj.lang.JoinPoint) throws java.lang.Throwable
14:57:03  DEBUG o.s.a.a.a.ReflectiveAspectJAdvisorFactory - Found AspectJ method: public void io.appium.java_client.events.DefaultAspect.beforeAlertDismiss(org.aspectj.lang.JoinPoint) throws java.lang.Throwable
14:57:03  DEBUG o.s.a.a.a.ReflectiveAspectJAdvisorFactory - Found AspectJ method: public void io.appium.java_client.events.DefaultAspect.beforeAlertSendKeys(org.aspectj.lang.JoinPoint) throws java.lang.Throwable
14:57:03  DEBUG o.s.a.a.a.ReflectiveAspectJAdvisorFactory - Found AspectJ method: public void io.appium.java_client.events.DefaultAspect.beforeChangeValueOf(org.aspectj.lang.JoinPoint) throws java.lang.Throwable
14:57:03  DEBUG o.s.a.a.a.ReflectiveAspectJAdvisorFactory - Found AspectJ method: public void io.appium.java_client.events.DefaultAspect.beforeClickOn(org.aspectj.lang.JoinPoint) throws java.lang.Throwable
14:57:03  DEBUG o.s.a.a.a.ReflectiveAspectJAdvisorFactory - Found AspectJ method: public void io.appium.java_client.events.DefaultAspect.beforeFindBy(org.aspectj.lang.JoinPoint) throws java.lang.Throwable
14:57:03  DEBUG o.s.a.a.a.ReflectiveAspectJAdvisorFactory - Found AspectJ method: public void io.appium.java_client.events.DefaultAspect.beforeMaximization(org.aspectj.lang.JoinPoint) throws java.lang.Throwable
14:57:03  DEBUG o.s.a.a.a.ReflectiveAspectJAdvisorFactory - Found AspectJ method: public void io.appium.java_client.events.DefaultAspect.beforeNavigateBack(org.aspectj.lang.JoinPoint) throws java.lang.Throwable
14:57:03  DEBUG o.s.a.a.a.ReflectiveAspectJAdvisorFactory - Found AspectJ method: public void io.appium.java_client.events.DefaultAspect.beforeNavigateForward(org.aspectj.lang.JoinPoint) throws java.lang.Throwable
14:57:03  DEBUG o.s.a.a.a.ReflectiveAspectJAdvisorFactory - Found AspectJ method: public void io.appium.java_client.events.DefaultAspect.beforeNavigateRefresh(org.aspectj.lang.JoinPoint) throws java.lang.Throwable
14:57:03  DEBUG o.s.a.a.a.ReflectiveAspectJAdvisorFactory - Found AspectJ method: public void io.appium.java_client.events.DefaultAspect.beforeNavigateTo(org.aspectj.lang.JoinPoint) throws java.lang.Throwable
14:57:03  DEBUG o.s.a.a.a.ReflectiveAspectJAdvisorFactory - Found AspectJ method: public void io.appium.java_client.events.DefaultAspect.beforeRotation(org.aspectj.lang.JoinPoint) throws java.lang.Throwable
14:57:03  DEBUG o.s.a.a.a.ReflectiveAspectJAdvisorFactory - Found AspectJ method: public void io.appium.java_client.events.DefaultAspect.beforeScript(org.aspectj.lang.JoinPoint) throws java.lang.Throwable
14:57:03  DEBUG o.s.a.a.a.ReflectiveAspectJAdvisorFactory - Found AspectJ method: public void io.appium.java_client.events.DefaultAspect.beforeSwitchToWindow(org.aspectj.lang.JoinPoint) throws java.lang.Throwable
14:57:03  DEBUG o.s.a.a.a.ReflectiveAspectJAdvisorFactory - Found AspectJ method: public void io.appium.java_client.events.DefaultAspect.beforeSwitchingToContext(org.aspectj.lang.JoinPoint) throws java.lang.Throwable
14:57:03  DEBUG o.s.a.a.a.ReflectiveAspectJAdvisorFactory - Found AspectJ method: public void io.appium.java_client.events.DefaultAspect.beforeTakeScreenShot(org.aspectj.lang.JoinPoint) throws java.lang.Throwable
14:57:03  DEBUG o.s.a.a.a.ReflectiveAspectJAdvisorFactory - Found AspectJ method: public void io.appium.java_client.events.DefaultAspect.beforeWindowIsMoved(org.aspectj.lang.JoinPoint) throws java.lang.Throwable
14:57:03  DEBUG o.s.a.a.a.ReflectiveAspectJAdvisorFactory - Found AspectJ method: public void io.appium.java_client.events.DefaultAspect.beforeWindowIsResized(org.aspectj.lang.JoinPoint) throws java.lang.Throwable
14:57:03  DEBUG o.s.a.a.a.ReflectiveAspectJAdvisorFactory - Found AspectJ method: public void io.appium.java_client.events.DefaultAspect.afterAlertAccept(org.aspectj.lang.JoinPoint) throws java.lang.Throwable
14:57:03  DEBUG o.s.a.a.a.ReflectiveAspectJAdvisorFactory - Found AspectJ method: public void io.appium.java_client.events.DefaultAspect.afterAlertDismiss(org.aspectj.lang.JoinPoint) throws java.lang.Throwable
14:57:03  DEBUG o.s.a.a.a.ReflectiveAspectJAdvisorFactory - Found AspectJ method: public void io.appium.java_client.events.DefaultAspect.afterAlertSendKeys(org.aspectj.lang.JoinPoint) throws java.lang.Throwable
14:57:03  DEBUG o.s.a.a.a.ReflectiveAspectJAdvisorFactory - Found AspectJ method: public void io.appium.java_client.events.DefaultAspect.afterChangeValueOf(org.aspectj.lang.JoinPoint) throws java.lang.Throwable
14:57:03  DEBUG o.s.a.a.a.ReflectiveAspectJAdvisorFactory - Found AspectJ method: public void io.appium.java_client.events.DefaultAspect.afterClickOn(org.aspectj.lang.JoinPoint) throws java.lang.Throwable
14:57:03  DEBUG o.s.a.a.a.ReflectiveAspectJAdvisorFactory - Found AspectJ method: public void io.appium.java_client.events.DefaultAspect.afterFindBy(org.aspectj.lang.JoinPoint) throws java.lang.Throwable
14:57:03  DEBUG o.s.a.a.a.ReflectiveAspectJAdvisorFactory - Found AspectJ method: public void io.appium.java_client.events.DefaultAspect.afterMaximization(org.aspectj.lang.JoinPoint) throws java.lang.Throwable
14:57:03  DEBUG o.s.a.a.a.ReflectiveAspectJAdvisorFactory - Found AspectJ method: public void io.appium.java_client.events.DefaultAspect.afterNavigateBack(org.aspectj.lang.JoinPoint) throws java.lang.Throwable
14:57:03  DEBUG o.s.a.a.a.ReflectiveAspectJAdvisorFactory - Found AspectJ method: public void io.appium.java_client.events.DefaultAspect.afterNavigateForward(org.aspectj.lang.JoinPoint) throws java.lang.Throwable
14:57:03  DEBUG o.s.a.a.a.ReflectiveAspectJAdvisorFactory - Found AspectJ method: public void io.appium.java_client.events.DefaultAspect.afterNavigateRefresh(org.aspectj.lang.JoinPoint) throws java.lang.Throwable
14:57:03  DEBUG o.s.a.a.a.ReflectiveAspectJAdvisorFactory - Found AspectJ method: public void io.appium.java_client.events.DefaultAspect.afterNavigateTo(org.aspectj.lang.JoinPoint) throws java.lang.Throwable
14:57:03  DEBUG o.s.a.a.a.ReflectiveAspectJAdvisorFactory - Found AspectJ method: public void io.appium.java_client.events.DefaultAspect.afterRotation(org.aspectj.lang.JoinPoint) throws java.lang.Throwable
14:57:03  DEBUG o.s.a.a.a.ReflectiveAspectJAdvisorFactory - Found AspectJ method: public void io.appium.java_client.events.DefaultAspect.afterScript(org.aspectj.lang.JoinPoint) throws java.lang.Throwable
14:57:03  DEBUG o.s.a.a.a.ReflectiveAspectJAdvisorFactory - Found AspectJ method: public void io.appium.java_client.events.DefaultAspect.afterSwitchToWindow(org.aspectj.lang.JoinPoint) throws java.lang.Throwable
14:57:03  DEBUG o.s.a.a.a.ReflectiveAspectJAdvisorFactory - Found AspectJ method: public void io.appium.java_client.events.DefaultAspect.afterSwitchingToContextn(org.aspectj.lang.JoinPoint) throws java.lang.Throwable
14:57:03  DEBUG o.s.a.a.a.ReflectiveAspectJAdvisorFactory - Found AspectJ method: public void io.appium.java_client.events.DefaultAspect.afterWindowIsMoved(org.aspectj.lang.JoinPoint) throws java.lang.Throwable
14:57:03  DEBUG o.s.a.a.a.ReflectiveAspectJAdvisorFactory - Found AspectJ method: public void io.appium.java_client.events.DefaultAspect.afterWindowIsResized(org.aspectj.lang.JoinPoint) throws java.lang.Throwable
14:57:03  DEBUG o.s.a.a.a.ReflectiveAspectJAdvisorFactory - Found AspectJ method: public void io.appium.java_client.events.DefaultAspect.afterTakeScreenShot(org.aspectj.lang.JoinPoint,java.lang.Object) throws java.lang.Throwable
14:57:03  DEBUG o.s.a.a.a.ReflectiveAspectJAdvisorFactory - Found AspectJ method: public java.lang.Object io.appium.java_client.events.DefaultAspect.doAround(org.aspectj.lang.ProceedingJoinPoint) throws java.lang.Throwable
14:57:03  DEBUG o.s.a.a.a.ReflectiveAspectJAdvisorFactory - Found AspectJ method: public void io.appium.java_client.events.DefaultAspect.beforeAlertAccept(org.aspectj.lang.JoinPoint) throws java.lang.Throwable
14:57:03  DEBUG o.s.a.a.a.ReflectiveAspectJAdvisorFactory - Found AspectJ method: public void io.appium.java_client.events.DefaultAspect.beforeAlertDismiss(org.aspectj.lang.JoinPoint) throws java.lang.Throwable
14:57:03  DEBUG o.s.a.a.a.ReflectiveAspectJAdvisorFactory - Found AspectJ method: public void io.appium.java_client.events.DefaultAspect.beforeAlertSendKeys(org.aspectj.lang.JoinPoint) throws java.lang.Throwable
14:57:03  DEBUG o.s.a.a.a.ReflectiveAspectJAdvisorFactory - Found AspectJ method: public void io.appium.java_client.events.DefaultAspect.beforeChangeValueOf(org.aspectj.lang.JoinPoint) throws java.lang.Throwable
14:57:03  DEBUG o.s.a.a.a.ReflectiveAspectJAdvisorFactory - Found AspectJ method: public void io.appium.java_client.events.DefaultAspect.beforeClickOn(org.aspectj.lang.JoinPoint) throws java.lang.Throwable
14:57:03  DEBUG o.s.a.a.a.ReflectiveAspectJAdvisorFactory - Found AspectJ method: public void io.appium.java_client.events.DefaultAspect.beforeFindBy(org.aspectj.lang.JoinPoint) throws java.lang.Throwable
14:57:03  DEBUG o.s.a.a.a.ReflectiveAspectJAdvisorFactory - Found AspectJ method: public void io.appium.java_client.events.DefaultAspect.beforeMaximization(org.aspectj.lang.JoinPoint) throws java.lang.Throwable
14:57:03  DEBUG o.s.a.a.a.ReflectiveAspectJAdvisorFactory - Found AspectJ method: public void io.appium.java_client.events.DefaultAspect.beforeNavigateBack(org.aspectj.lang.JoinPoint) throws java.lang.Throwable
14:57:03  DEBUG o.s.a.a.a.ReflectiveAspectJAdvisorFactory - Found AspectJ method: public void io.appium.java_client.events.DefaultAspect.beforeNavigateForward(org.aspectj.lang.JoinPoint) throws java.lang.Throwable
14:57:03  DEBUG o.s.a.a.a.ReflectiveAspectJAdvisorFactory - Found AspectJ method: public void io.appium.java_client.events.DefaultAspect.beforeNavigateRefresh(org.aspectj.lang.JoinPoint) throws java.lang.Throwable
14:57:03  DEBUG o.s.a.a.a.ReflectiveAspectJAdvisorFactory - Found AspectJ method: public void io.appium.java_client.events.DefaultAspect.beforeNavigateTo(org.aspectj.lang.JoinPoint) throws java.lang.Throwable
14:57:03  DEBUG o.s.a.a.a.ReflectiveAspectJAdvisorFactory - Found AspectJ method: public void io.appium.java_client.events.DefaultAspect.beforeRotation(org.aspectj.lang.JoinPoint) throws java.lang.Throwable
14:57:03  DEBUG o.s.a.a.a.ReflectiveAspectJAdvisorFactory - Found AspectJ method: public void io.appium.java_client.events.DefaultAspect.beforeScript(org.aspectj.lang.JoinPoint) throws java.lang.Throwable
14:57:03  DEBUG o.s.a.a.a.ReflectiveAspectJAdvisorFactory - Found AspectJ method: public void io.appium.java_client.events.DefaultAspect.beforeSwitchToWindow(org.aspectj.lang.JoinPoint) throws java.lang.Throwable
14:57:03  DEBUG o.s.a.a.a.ReflectiveAspectJAdvisorFactory - Found AspectJ method: public void io.appium.java_client.events.DefaultAspect.beforeSwitchingToContext(org.aspectj.lang.JoinPoint) throws java.lang.Throwable
14:57:03  DEBUG o.s.a.a.a.ReflectiveAspectJAdvisorFactory - Found AspectJ method: public void io.appium.java_client.events.DefaultAspect.beforeTakeScreenShot(org.aspectj.lang.JoinPoint) throws java.lang.Throwable
14:57:03  DEBUG o.s.a.a.a.ReflectiveAspectJAdvisorFactory - Found AspectJ method: public void io.appium.java_client.events.DefaultAspect.beforeWindowIsMoved(org.aspectj.lang.JoinPoint) throws java.lang.Throwable
14:57:03  DEBUG o.s.a.a.a.ReflectiveAspectJAdvisorFactory - Found AspectJ method: public void io.appium.java_client.events.DefaultAspect.beforeWindowIsResized(org.aspectj.lang.JoinPoint) throws java.lang.Throwable
14:57:03  DEBUG o.s.a.a.a.ReflectiveAspectJAdvisorFactory - Found AspectJ method: public void io.appium.java_client.events.DefaultAspect.afterAlertAccept(org.aspectj.lang.JoinPoint) throws java.lang.Throwable
14:57:03  DEBUG o.s.a.a.a.ReflectiveAspectJAdvisorFactory - Found AspectJ method: public void io.appium.java_client.events.DefaultAspect.afterAlertDismiss(org.aspectj.lang.JoinPoint) throws java.lang.Throwable
14:57:03  DEBUG o.s.a.a.a.ReflectiveAspectJAdvisorFactory - Found AspectJ method: public void io.appium.java_client.events.DefaultAspect.afterAlertSendKeys(org.aspectj.lang.JoinPoint) throws java.lang.Throwable
14:57:03  DEBUG o.s.a.a.a.ReflectiveAspectJAdvisorFactory - Found AspectJ method: public void io.appium.java_client.events.DefaultAspect.afterChangeValueOf(org.aspectj.lang.JoinPoint) throws java.lang.Throwable
14:57:03  DEBUG o.s.a.a.a.ReflectiveAspectJAdvisorFactory - Found AspectJ method: public void io.appium.java_client.events.DefaultAspect.afterClickOn(org.aspectj.lang.JoinPoint) throws java.lang.Throwable
14:57:03  DEBUG o.s.a.a.a.ReflectiveAspectJAdvisorFactory - Found AspectJ method: public void io.appium.java_client.events.DefaultAspect.afterFindBy(org.aspectj.lang.JoinPoint) throws java.lang.Throwable
14:57:03  DEBUG o.s.a.a.a.ReflectiveAspectJAdvisorFactory - Found AspectJ method: public void io.appium.java_client.events.DefaultAspect.afterMaximization(org.aspectj.lang.JoinPoint) throws java.lang.Throwable
14:57:03  DEBUG o.s.a.a.a.ReflectiveAspectJAdvisorFactory - Found AspectJ method: public void io.appium.java_client.events.DefaultAspect.afterNavigateBack(org.aspectj.lang.JoinPoint) throws java.lang.Throwable
14:57:03  DEBUG o.s.a.a.a.ReflectiveAspectJAdvisorFactory - Found AspectJ method: public void io.appium.java_client.events.DefaultAspect.afterNavigateForward(org.aspectj.lang.JoinPoint) throws java.lang.Throwable
14:57:03  DEBUG o.s.a.a.a.ReflectiveAspectJAdvisorFactory - Found AspectJ method: public void io.appium.java_client.events.DefaultAspect.afterNavigateRefresh(org.aspectj.lang.JoinPoint) throws java.lang.Throwable
14:57:03  DEBUG o.s.a.a.a.ReflectiveAspectJAdvisorFactory - Found AspectJ method: public void io.appium.java_client.events.DefaultAspect.afterNavigateTo(org.aspectj.lang.JoinPoint) throws java.lang.Throwable
14:57:03  DEBUG o.s.a.a.a.ReflectiveAspectJAdvisorFactory - Found AspectJ method: public void io.appium.java_client.events.DefaultAspect.afterRotation(org.aspectj.lang.JoinPoint) throws java.lang.Throwable
14:57:03  DEBUG o.s.a.a.a.ReflectiveAspectJAdvisorFactory - Found AspectJ method: public void io.appium.java_client.events.DefaultAspect.afterScript(org.aspectj.lang.JoinPoint) throws java.lang.Throwable
14:57:03  DEBUG o.s.a.a.a.ReflectiveAspectJAdvisorFactory - Found AspectJ method: public void io.appium.java_client.events.DefaultAspect.afterSwitchToWindow(org.aspectj.lang.JoinPoint) throws java.lang.Throwable
14:57:03  DEBUG o.s.a.a.a.ReflectiveAspectJAdvisorFactory - Found AspectJ method: public void io.appium.java_client.events.DefaultAspect.afterSwitchingToContextn(org.aspectj.lang.JoinPoint) throws java.lang.Throwable
14:57:03  DEBUG o.s.a.a.a.ReflectiveAspectJAdvisorFactory - Found AspectJ method: public void io.appium.java_client.events.DefaultAspect.afterWindowIsMoved(org.aspectj.lang.JoinPoint) throws java.lang.Throwable
14:57:03  DEBUG o.s.a.a.a.ReflectiveAspectJAdvisorFactory - Found AspectJ method: public void io.appium.java_client.events.DefaultAspect.afterWindowIsResized(org.aspectj.lang.JoinPoint) throws java.lang.Throwable
14:57:03  DEBUG o.s.a.a.a.ReflectiveAspectJAdvisorFactory - Found AspectJ method: public void io.appium.java_client.events.DefaultAspect.afterTakeScreenShot(org.aspectj.lang.JoinPoint,java.lang.Object) throws java.lang.Throwable
14:57:04  INFO  congigWiki.AppiumListener - Star find element---By.xpath: //*[@resource-id='org.wikipedia:id/menu_overflow_button']
14:57:05  INFO  congigWiki.AppiumListener - The element was found---By.xpath: //*[@resource-id='org.wikipedia:id/menu_overflow_button']
14:57:05  DEBUG o.s.a.a.a.ReflectiveAspectJAdvisorFactory - Found AspectJ method: public java.lang.Object io.appium.java_client.events.DefaultAspect.doAround(org.aspectj.lang.ProceedingJoinPoint) throws java.lang.Throwable
14:57:05  DEBUG o.s.a.a.a.ReflectiveAspectJAdvisorFactory - Found AspectJ method: public void io.appium.java_client.events.DefaultAspect.beforeAlertAccept(org.aspectj.lang.JoinPoint) throws java.lang.Throwable
14:57:05  DEBUG o.s.a.a.a.ReflectiveAspectJAdvisorFactory - Found AspectJ method: public void io.appium.java_client.events.DefaultAspect.beforeAlertDismiss(org.aspectj.lang.JoinPoint) throws java.lang.Throwable
14:57:05  DEBUG o.s.a.a.a.ReflectiveAspectJAdvisorFactory - Found AspectJ method: public void io.appium.java_client.events.DefaultAspect.beforeAlertSendKeys(org.aspectj.lang.JoinPoint) throws java.lang.Throwable
14:57:05  DEBUG o.s.a.a.a.ReflectiveAspectJAdvisorFactory - Found AspectJ method: public void io.appium.java_client.events.DefaultAspect.beforeChangeValueOf(org.aspectj.lang.JoinPoint) throws java.lang.Throwable
14:57:05  DEBUG o.s.a.a.a.ReflectiveAspectJAdvisorFactory - Found AspectJ method: public void io.appium.java_client.events.DefaultAspect.beforeClickOn(org.aspectj.lang.JoinPoint) throws java.lang.Throwable
14:57:05  DEBUG o.s.a.a.a.ReflectiveAspectJAdvisorFactory - Found AspectJ method: public void io.appium.java_client.events.DefaultAspect.beforeFindBy(org.aspectj.lang.JoinPoint) throws java.lang.Throwable
14:57:05  DEBUG o.s.a.a.a.ReflectiveAspectJAdvisorFactory - Found AspectJ method: public void io.appium.java_client.events.DefaultAspect.beforeMaximization(org.aspectj.lang.JoinPoint) throws java.lang.Throwable
14:57:05  DEBUG o.s.a.a.a.ReflectiveAspectJAdvisorFactory - Found AspectJ method: public void io.appium.java_client.events.DefaultAspect.beforeNavigateBack(org.aspectj.lang.JoinPoint) throws java.lang.Throwable
14:57:05  DEBUG o.s.a.a.a.ReflectiveAspectJAdvisorFactory - Found AspectJ method: public void io.appium.java_client.events.DefaultAspect.beforeNavigateForward(org.aspectj.lang.JoinPoint) throws java.lang.Throwable
14:57:05  DEBUG o.s.a.a.a.ReflectiveAspectJAdvisorFactory - Found AspectJ method: public void io.appium.java_client.events.DefaultAspect.beforeNavigateRefresh(org.aspectj.lang.JoinPoint) throws java.lang.Throwable
14:57:05  DEBUG o.s.a.a.a.ReflectiveAspectJAdvisorFactory - Found AspectJ method: public void io.appium.java_client.events.DefaultAspect.beforeNavigateTo(org.aspectj.lang.JoinPoint) throws java.lang.Throwable
14:57:05  DEBUG o.s.a.a.a.ReflectiveAspectJAdvisorFactory - Found AspectJ method: public void io.appium.java_client.events.DefaultAspect.beforeRotation(org.aspectj.lang.JoinPoint) throws java.lang.Throwable
14:57:05  DEBUG o.s.a.a.a.ReflectiveAspectJAdvisorFactory - Found AspectJ method: public void io.appium.java_client.events.DefaultAspect.beforeScript(org.aspectj.lang.JoinPoint) throws java.lang.Throwable
14:57:05  DEBUG o.s.a.a.a.ReflectiveAspectJAdvisorFactory - Found AspectJ method: public void io.appium.java_client.events.DefaultAspect.beforeSwitchToWindow(org.aspectj.lang.JoinPoint) throws java.lang.Throwable
14:57:05  DEBUG o.s.a.a.a.ReflectiveAspectJAdvisorFactory - Found AspectJ method: public void io.appium.java_client.events.DefaultAspect.beforeSwitchingToContext(org.aspectj.lang.JoinPoint) throws java.lang.Throwable
14:57:05  DEBUG o.s.a.a.a.ReflectiveAspectJAdvisorFactory - Found AspectJ method: public void io.appium.java_client.events.DefaultAspect.beforeTakeScreenShot(org.aspectj.lang.JoinPoint) throws java.lang.Throwable
14:57:05  DEBUG o.s.a.a.a.ReflectiveAspectJAdvisorFactory - Found AspectJ method: public void io.appium.java_client.events.DefaultAspect.beforeWindowIsMoved(org.aspectj.lang.JoinPoint) throws java.lang.Throwable
14:57:05  DEBUG o.s.a.a.a.ReflectiveAspectJAdvisorFactory - Found AspectJ method: public void io.appium.java_client.events.DefaultAspect.beforeWindowIsResized(org.aspectj.lang.JoinPoint) throws java.lang.Throwable
14:57:05  DEBUG o.s.a.a.a.ReflectiveAspectJAdvisorFactory - Found AspectJ method: public void io.appium.java_client.events.DefaultAspect.afterAlertAccept(org.aspectj.lang.JoinPoint) throws java.lang.Throwable
14:57:05  DEBUG o.s.a.a.a.ReflectiveAspectJAdvisorFactory - Found AspectJ method: public void io.appium.java_client.events.DefaultAspect.afterAlertDismiss(org.aspectj.lang.JoinPoint) throws java.lang.Throwable
14:57:05  DEBUG o.s.a.a.a.ReflectiveAspectJAdvisorFactory - Found AspectJ method: public void io.appium.java_client.events.DefaultAspect.afterAlertSendKeys(org.aspectj.lang.JoinPoint) throws java.lang.Throwable
14:57:05  DEBUG o.s.a.a.a.ReflectiveAspectJAdvisorFactory - Found AspectJ method: public void io.appium.java_client.events.DefaultAspect.afterChangeValueOf(org.aspectj.lang.JoinPoint) throws java.lang.Throwable
14:57:05  DEBUG o.s.a.a.a.ReflectiveAspectJAdvisorFactory - Found AspectJ method: public void io.appium.java_client.events.DefaultAspect.afterClickOn(org.aspectj.lang.JoinPoint) throws java.lang.Throwable
14:57:05  DEBUG o.s.a.a.a.ReflectiveAspectJAdvisorFactory - Found AspectJ method: public void io.appium.java_client.events.DefaultAspect.afterFindBy(org.aspectj.lang.JoinPoint) throws java.lang.Throwable
14:57:05  DEBUG o.s.a.a.a.ReflectiveAspectJAdvisorFactory - Found AspectJ method: public void io.appium.java_client.events.DefaultAspect.afterMaximization(org.aspectj.lang.JoinPoint) throws java.lang.Throwable
14:57:05  DEBUG o.s.a.a.a.ReflectiveAspectJAdvisorFactory - Found AspectJ method: public void io.appium.java_client.events.DefaultAspect.afterNavigateBack(org.aspectj.lang.JoinPoint) throws java.lang.Throwable
14:57:05  DEBUG o.s.a.a.a.ReflectiveAspectJAdvisorFactory - Found AspectJ method: public void io.appium.java_client.events.DefaultAspect.afterNavigateForward(org.aspectj.lang.JoinPoint) throws java.lang.Throwable
14:57:05  DEBUG o.s.a.a.a.ReflectiveAspectJAdvisorFactory - Found AspectJ method: public void io.appium.java_client.events.DefaultAspect.afterNavigateRefresh(org.aspectj.lang.JoinPoint) throws java.lang.Throwable
14:57:05  DEBUG o.s.a.a.a.ReflectiveAspectJAdvisorFactory - Found AspectJ method: public void io.appium.java_client.events.DefaultAspect.afterNavigateTo(org.aspectj.lang.JoinPoint) throws java.lang.Throwable
14:57:05  DEBUG o.s.a.a.a.ReflectiveAspectJAdvisorFactory - Found AspectJ method: public void io.appium.java_client.events.DefaultAspect.afterRotation(org.aspectj.lang.JoinPoint) throws java.lang.Throwable
14:57:05  DEBUG o.s.a.a.a.ReflectiveAspectJAdvisorFactory - Found AspectJ method: public void io.appium.java_client.events.DefaultAspect.afterScript(org.aspectj.lang.JoinPoint) throws java.lang.Throwable
14:57:05  DEBUG o.s.a.a.a.ReflectiveAspectJAdvisorFactory - Found AspectJ method: public void io.appium.java_client.events.DefaultAspect.afterSwitchToWindow(org.aspectj.lang.JoinPoint) throws java.lang.Throwable
14:57:05  DEBUG o.s.a.a.a.ReflectiveAspectJAdvisorFactory - Found AspectJ method: public void io.appium.java_client.events.DefaultAspect.afterSwitchingToContextn(org.aspectj.lang.JoinPoint) throws java.lang.Throwable
14:57:05  DEBUG o.s.a.a.a.ReflectiveAspectJAdvisorFactory - Found AspectJ method: public void io.appium.java_client.events.DefaultAspect.afterWindowIsMoved(org.aspectj.lang.JoinPoint) throws java.lang.Throwable
14:57:05  DEBUG o.s.a.a.a.ReflectiveAspectJAdvisorFactory - Found AspectJ method: public void io.appium.java_client.events.DefaultAspect.afterWindowIsResized(org.aspectj.lang.JoinPoint) throws java.lang.Throwable
14:57:05  DEBUG o.s.a.a.a.ReflectiveAspectJAdvisorFactory - Found AspectJ method: public void io.appium.java_client.events.DefaultAspect.afterTakeScreenShot(org.aspectj.lang.JoinPoint,java.lang.Object) throws java.lang.Throwable
14:57:05  DEBUG o.s.a.a.a.ReflectiveAspectJAdvisorFactory - Found AspectJ method: public java.lang.Object io.appium.java_client.events.DefaultAspect.doAround(org.aspectj.lang.ProceedingJoinPoint) throws java.lang.Throwable
14:57:05  DEBUG o.s.a.a.a.ReflectiveAspectJAdvisorFactory - Found AspectJ method: public void io.appium.java_client.events.DefaultAspect.beforeAlertAccept(org.aspectj.lang.JoinPoint) throws java.lang.Throwable
14:57:05  DEBUG o.s.a.a.a.ReflectiveAspectJAdvisorFactory - Found AspectJ method: public void io.appium.java_client.events.DefaultAspect.beforeAlertDismiss(org.aspectj.lang.JoinPoint) throws java.lang.Throwable
14:57:05  DEBUG o.s.a.a.a.ReflectiveAspectJAdvisorFactory - Found AspectJ method: public void io.appium.java_client.events.DefaultAspect.beforeAlertSendKeys(org.aspectj.lang.JoinPoint) throws java.lang.Throwable
14:57:05  DEBUG o.s.a.a.a.ReflectiveAspectJAdvisorFactory - Found AspectJ method: public void io.appium.java_client.events.DefaultAspect.beforeChangeValueOf(org.aspectj.lang.JoinPoint) throws java.lang.Throwable
14:57:05  DEBUG o.s.a.a.a.ReflectiveAspectJAdvisorFactory - Found AspectJ method: public void io.appium.java_client.events.DefaultAspect.beforeClickOn(org.aspectj.lang.JoinPoint) throws java.lang.Throwable
14:57:05  DEBUG o.s.a.a.a.ReflectiveAspectJAdvisorFactory - Found AspectJ method: public void io.appium.java_client.events.DefaultAspect.beforeFindBy(org.aspectj.lang.JoinPoint) throws java.lang.Throwable
14:57:05  DEBUG o.s.a.a.a.ReflectiveAspectJAdvisorFactory - Found AspectJ method: public void io.appium.java_client.events.DefaultAspect.beforeMaximization(org.aspectj.lang.JoinPoint) throws java.lang.Throwable
14:57:05  DEBUG o.s.a.a.a.ReflectiveAspectJAdvisorFactory - Found AspectJ method: public void io.appium.java_client.events.DefaultAspect.beforeNavigateBack(org.aspectj.lang.JoinPoint) throws java.lang.Throwable
14:57:05  DEBUG o.s.a.a.a.ReflectiveAspectJAdvisorFactory - Found AspectJ method: public void io.appium.java_client.events.DefaultAspect.beforeNavigateForward(org.aspectj.lang.JoinPoint) throws java.lang.Throwable
14:57:05  DEBUG o.s.a.a.a.ReflectiveAspectJAdvisorFactory - Found AspectJ method: public void io.appium.java_client.events.DefaultAspect.beforeNavigateRefresh(org.aspectj.lang.JoinPoint) throws java.lang.Throwable
14:57:05  DEBUG o.s.a.a.a.ReflectiveAspectJAdvisorFactory - Found AspectJ method: public void io.appium.java_client.events.DefaultAspect.beforeNavigateTo(org.aspectj.lang.JoinPoint) throws java.lang.Throwable
14:57:05  DEBUG o.s.a.a.a.ReflectiveAspectJAdvisorFactory - Found AspectJ method: public void io.appium.java_client.events.DefaultAspect.beforeRotation(org.aspectj.lang.JoinPoint) throws java.lang.Throwable
14:57:05  DEBUG o.s.a.a.a.ReflectiveAspectJAdvisorFactory - Found AspectJ method: public void io.appium.java_client.events.DefaultAspect.beforeScript(org.aspectj.lang.JoinPoint) throws java.lang.Throwable
14:57:05  DEBUG o.s.a.a.a.ReflectiveAspectJAdvisorFactory - Found AspectJ method: public void io.appium.java_client.events.DefaultAspect.beforeSwitchToWindow(org.aspectj.lang.JoinPoint) throws java.lang.Throwable
14:57:05  DEBUG o.s.a.a.a.ReflectiveAspectJAdvisorFactory - Found AspectJ method: public void io.appium.java_client.events.DefaultAspect.beforeSwitchingToContext(org.aspectj.lang.JoinPoint) throws java.lang.Throwable
14:57:05  DEBUG o.s.a.a.a.ReflectiveAspectJAdvisorFactory - Found AspectJ method: public void io.appium.java_client.events.DefaultAspect.beforeTakeScreenShot(org.aspectj.lang.JoinPoint) throws java.lang.Throwable
14:57:05  DEBUG o.s.a.a.a.ReflectiveAspectJAdvisorFactory - Found AspectJ method: public void io.appium.java_client.events.DefaultAspect.beforeWindowIsMoved(org.aspectj.lang.JoinPoint) throws java.lang.Throwable
14:57:05  DEBUG o.s.a.a.a.ReflectiveAspectJAdvisorFactory - Found AspectJ method: public void io.appium.java_client.events.DefaultAspect.beforeWindowIsResized(org.aspectj.lang.JoinPoint) throws java.lang.Throwable
14:57:05  DEBUG o.s.a.a.a.ReflectiveAspectJAdvisorFactory - Found AspectJ method: public void io.appium.java_client.events.DefaultAspect.afterAlertAccept(org.aspectj.lang.JoinPoint) throws java.lang.Throwable
14:57:05  DEBUG o.s.a.a.a.ReflectiveAspectJAdvisorFactory - Found AspectJ method: public void io.appium.java_client.events.DefaultAspect.afterAlertDismiss(org.aspectj.lang.JoinPoint) throws java.lang.Throwable
14:57:05  DEBUG o.s.a.a.a.ReflectiveAspectJAdvisorFactory - Found AspectJ method: public void io.appium.java_client.events.DefaultAspect.afterAlertSendKeys(org.aspectj.lang.JoinPoint) throws java.lang.Throwable
14:57:05  DEBUG o.s.a.a.a.ReflectiveAspectJAdvisorFactory - Found AspectJ method: public void io.appium.java_client.events.DefaultAspect.afterChangeValueOf(org.aspectj.lang.JoinPoint) throws java.lang.Throwable
14:57:05  DEBUG o.s.a.a.a.ReflectiveAspectJAdvisorFactory - Found AspectJ method: public void io.appium.java_client.events.DefaultAspect.afterClickOn(org.aspectj.lang.JoinPoint) throws java.lang.Throwable
14:57:05  DEBUG o.s.a.a.a.ReflectiveAspectJAdvisorFactory - Found AspectJ method: public void io.appium.java_client.events.DefaultAspect.afterFindBy(org.aspectj.lang.JoinPoint) throws java.lang.Throwable
14:57:05  DEBUG o.s.a.a.a.ReflectiveAspectJAdvisorFactory - Found AspectJ method: public void io.appium.java_client.events.DefaultAspect.afterMaximization(org.aspectj.lang.JoinPoint) throws java.lang.Throwable
14:57:05  DEBUG o.s.a.a.a.ReflectiveAspectJAdvisorFactory - Found AspectJ method: public void io.appium.java_client.events.DefaultAspect.afterNavigateBack(org.aspectj.lang.JoinPoint) throws java.lang.Throwable
14:57:05  DEBUG o.s.a.a.a.ReflectiveAspectJAdvisorFactory - Found AspectJ method: public void io.appium.java_client.events.DefaultAspect.afterNavigateForward(org.aspectj.lang.JoinPoint) throws java.lang.Throwable
14:57:05  DEBUG o.s.a.a.a.ReflectiveAspectJAdvisorFactory - Found AspectJ method: public void io.appium.java_client.events.DefaultAspect.afterNavigateRefresh(org.aspectj.lang.JoinPoint) throws java.lang.Throwable
14:57:05  DEBUG o.s.a.a.a.ReflectiveAspectJAdvisorFactory - Found AspectJ method: public void io.appium.java_client.events.DefaultAspect.afterNavigateTo(org.aspectj.lang.JoinPoint) throws java.lang.Throwable
14:57:05  DEBUG o.s.a.a.a.ReflectiveAspectJAdvisorFactory - Found AspectJ method: public void io.appium.java_client.events.DefaultAspect.afterRotation(org.aspectj.lang.JoinPoint) throws java.lang.Throwable
14:57:05  DEBUG o.s.a.a.a.ReflectiveAspectJAdvisorFactory - Found AspectJ method: public void io.appium.java_client.events.DefaultAspect.afterScript(org.aspectj.lang.JoinPoint) throws java.lang.Throwable
14:57:05  DEBUG o.s.a.a.a.ReflectiveAspectJAdvisorFactory - Found AspectJ method: public void io.appium.java_client.events.DefaultAspect.afterSwitchToWindow(org.aspectj.lang.JoinPoint) throws java.lang.Throwable
14:57:05  DEBUG o.s.a.a.a.ReflectiveAspectJAdvisorFactory - Found AspectJ method: public void io.appium.java_client.events.DefaultAspect.afterSwitchingToContextn(org.aspectj.lang.JoinPoint) throws java.lang.Throwable
14:57:05  DEBUG o.s.a.a.a.ReflectiveAspectJAdvisorFactory - Found AspectJ method: public void io.appium.java_client.events.DefaultAspect.afterWindowIsMoved(org.aspectj.lang.JoinPoint) throws java.lang.Throwable
14:57:05  DEBUG o.s.a.a.a.ReflectiveAspectJAdvisorFactory - Found AspectJ method: public void io.appium.java_client.events.DefaultAspect.afterWindowIsResized(org.aspectj.lang.JoinPoint) throws java.lang.Throwable
14:57:05  DEBUG o.s.a.a.a.ReflectiveAspectJAdvisorFactory - Found AspectJ method: public void io.appium.java_client.events.DefaultAspect.afterTakeScreenShot(org.aspectj.lang.JoinPoint,java.lang.Object) throws java.lang.Throwable
14:57:05  INFO  congigWiki.AppiumListener - Star find element---By.xpath: //*[@resource-id= 'org.wikipedia:id/explore_overflow_account_name']
14:57:06  INFO  congigWiki.AppiumListener - The element was found---By.xpath: //*[@resource-id= 'org.wikipedia:id/explore_overflow_account_name']
14:57:06  DEBUG o.s.a.a.a.ReflectiveAspectJAdvisorFactory - Found AspectJ method: public java.lang.Object io.appium.java_client.events.DefaultAspect.doAround(org.aspectj.lang.ProceedingJoinPoint) throws java.lang.Throwable
14:57:06  DEBUG o.s.a.a.a.ReflectiveAspectJAdvisorFactory - Found AspectJ method: public void io.appium.java_client.events.DefaultAspect.beforeAlertAccept(org.aspectj.lang.JoinPoint) throws java.lang.Throwable
14:57:06  DEBUG o.s.a.a.a.ReflectiveAspectJAdvisorFactory - Found AspectJ method: public void io.appium.java_client.events.DefaultAspect.beforeAlertDismiss(org.aspectj.lang.JoinPoint) throws java.lang.Throwable
14:57:06  DEBUG o.s.a.a.a.ReflectiveAspectJAdvisorFactory - Found AspectJ method: public void io.appium.java_client.events.DefaultAspect.beforeAlertSendKeys(org.aspectj.lang.JoinPoint) throws java.lang.Throwable
14:57:06  DEBUG o.s.a.a.a.ReflectiveAspectJAdvisorFactory - Found AspectJ method: public void io.appium.java_client.events.DefaultAspect.beforeChangeValueOf(org.aspectj.lang.JoinPoint) throws java.lang.Throwable
14:57:06  DEBUG o.s.a.a.a.ReflectiveAspectJAdvisorFactory - Found AspectJ method: public void io.appium.java_client.events.DefaultAspect.beforeClickOn(org.aspectj.lang.JoinPoint) throws java.lang.Throwable
14:57:06  DEBUG o.s.a.a.a.ReflectiveAspectJAdvisorFactory - Found AspectJ method: public void io.appium.java_client.events.DefaultAspect.beforeFindBy(org.aspectj.lang.JoinPoint) throws java.lang.Throwable
14:57:06  DEBUG o.s.a.a.a.ReflectiveAspectJAdvisorFactory - Found AspectJ method: public void io.appium.java_client.events.DefaultAspect.beforeMaximization(org.aspectj.lang.JoinPoint) throws java.lang.Throwable
14:57:06  DEBUG o.s.a.a.a.ReflectiveAspectJAdvisorFactory - Found AspectJ method: public void io.appium.java_client.events.DefaultAspect.beforeNavigateBack(org.aspectj.lang.JoinPoint) throws java.lang.Throwable
14:57:06  DEBUG o.s.a.a.a.ReflectiveAspectJAdvisorFactory - Found AspectJ method: public void io.appium.java_client.events.DefaultAspect.beforeNavigateForward(org.aspectj.lang.JoinPoint) throws java.lang.Throwable
14:57:06  DEBUG o.s.a.a.a.ReflectiveAspectJAdvisorFactory - Found AspectJ method: public void io.appium.java_client.events.DefaultAspect.beforeNavigateRefresh(org.aspectj.lang.JoinPoint) throws java.lang.Throwable
14:57:06  DEBUG o.s.a.a.a.ReflectiveAspectJAdvisorFactory - Found AspectJ method: public void io.appium.java_client.events.DefaultAspect.beforeNavigateTo(org.aspectj.lang.JoinPoint) throws java.lang.Throwable
14:57:06  DEBUG o.s.a.a.a.ReflectiveAspectJAdvisorFactory - Found AspectJ method: public void io.appium.java_client.events.DefaultAspect.beforeRotation(org.aspectj.lang.JoinPoint) throws java.lang.Throwable
14:57:06  DEBUG o.s.a.a.a.ReflectiveAspectJAdvisorFactory - Found AspectJ method: public void io.appium.java_client.events.DefaultAspect.beforeScript(org.aspectj.lang.JoinPoint) throws java.lang.Throwable
14:57:06  DEBUG o.s.a.a.a.ReflectiveAspectJAdvisorFactory - Found AspectJ method: public void io.appium.java_client.events.DefaultAspect.beforeSwitchToWindow(org.aspectj.lang.JoinPoint) throws java.lang.Throwable
14:57:06  DEBUG o.s.a.a.a.ReflectiveAspectJAdvisorFactory - Found AspectJ method: public void io.appium.java_client.events.DefaultAspect.beforeSwitchingToContext(org.aspectj.lang.JoinPoint) throws java.lang.Throwable
14:57:06  DEBUG o.s.a.a.a.ReflectiveAspectJAdvisorFactory - Found AspectJ method: public void io.appium.java_client.events.DefaultAspect.beforeTakeScreenShot(org.aspectj.lang.JoinPoint) throws java.lang.Throwable
14:57:06  DEBUG o.s.a.a.a.ReflectiveAspectJAdvisorFactory - Found AspectJ method: public void io.appium.java_client.events.DefaultAspect.beforeWindowIsMoved(org.aspectj.lang.JoinPoint) throws java.lang.Throwable
14:57:06  DEBUG o.s.a.a.a.ReflectiveAspectJAdvisorFactory - Found AspectJ method: public void io.appium.java_client.events.DefaultAspect.beforeWindowIsResized(org.aspectj.lang.JoinPoint) throws java.lang.Throwable
14:57:06  DEBUG o.s.a.a.a.ReflectiveAspectJAdvisorFactory - Found AspectJ method: public void io.appium.java_client.events.DefaultAspect.afterAlertAccept(org.aspectj.lang.JoinPoint) throws java.lang.Throwable
14:57:06  DEBUG o.s.a.a.a.ReflectiveAspectJAdvisorFactory - Found AspectJ method: public void io.appium.java_client.events.DefaultAspect.afterAlertDismiss(org.aspectj.lang.JoinPoint) throws java.lang.Throwable
14:57:06  DEBUG o.s.a.a.a.ReflectiveAspectJAdvisorFactory - Found AspectJ method: public void io.appium.java_client.events.DefaultAspect.afterAlertSendKeys(org.aspectj.lang.JoinPoint) throws java.lang.Throwable
14:57:06  DEBUG o.s.a.a.a.ReflectiveAspectJAdvisorFactory - Found AspectJ method: public void io.appium.java_client.events.DefaultAspect.afterChangeValueOf(org.aspectj.lang.JoinPoint) throws java.lang.Throwable
14:57:06  DEBUG o.s.a.a.a.ReflectiveAspectJAdvisorFactory - Found AspectJ method: public void io.appium.java_client.events.DefaultAspect.afterClickOn(org.aspectj.lang.JoinPoint) throws java.lang.Throwable
14:57:06  DEBUG o.s.a.a.a.ReflectiveAspectJAdvisorFactory - Found AspectJ method: public void io.appium.java_client.events.DefaultAspect.afterFindBy(org.aspectj.lang.JoinPoint) throws java.lang.Throwable
14:57:06  DEBUG o.s.a.a.a.ReflectiveAspectJAdvisorFactory - Found AspectJ method: public void io.appium.java_client.events.DefaultAspect.afterMaximization(org.aspectj.lang.JoinPoint) throws java.lang.Throwable
14:57:06  DEBUG o.s.a.a.a.ReflectiveAspectJAdvisorFactory - Found AspectJ method: public void io.appium.java_client.events.DefaultAspect.afterNavigateBack(org.aspectj.lang.JoinPoint) throws java.lang.Throwable
14:57:06  DEBUG o.s.a.a.a.ReflectiveAspectJAdvisorFactory - Found AspectJ method: public void io.appium.java_client.events.DefaultAspect.afterNavigateForward(org.aspectj.lang.JoinPoint) throws java.lang.Throwable
14:57:06  DEBUG o.s.a.a.a.ReflectiveAspectJAdvisorFactory - Found AspectJ method: public void io.appium.java_client.events.DefaultAspect.afterNavigateRefresh(org.aspectj.lang.JoinPoint) throws java.lang.Throwable
14:57:06  DEBUG o.s.a.a.a.ReflectiveAspectJAdvisorFactory - Found AspectJ method: public void io.appium.java_client.events.DefaultAspect.afterNavigateTo(org.aspectj.lang.JoinPoint) throws java.lang.Throwable
14:57:06  DEBUG o.s.a.a.a.ReflectiveAspectJAdvisorFactory - Found AspectJ method: public void io.appium.java_client.events.DefaultAspect.afterRotation(org.aspectj.lang.JoinPoint) throws java.lang.Throwable
14:57:06  DEBUG o.s.a.a.a.ReflectiveAspectJAdvisorFactory - Found AspectJ method: public void io.appium.java_client.events.DefaultAspect.afterScript(org.aspectj.lang.JoinPoint) throws java.lang.Throwable
14:57:06  DEBUG o.s.a.a.a.ReflectiveAspectJAdvisorFactory - Found AspectJ method: public void io.appium.java_client.events.DefaultAspect.afterSwitchToWindow(org.aspectj.lang.JoinPoint) throws java.lang.Throwable
14:57:06  DEBUG o.s.a.a.a.ReflectiveAspectJAdvisorFactory - Found AspectJ method: public void io.appium.java_client.events.DefaultAspect.afterSwitchingToContextn(org.aspectj.lang.JoinPoint) throws java.lang.Throwable
14:57:06  DEBUG o.s.a.a.a.ReflectiveAspectJAdvisorFactory - Found AspectJ method: public void io.appium.java_client.events.DefaultAspect.afterWindowIsMoved(org.aspectj.lang.JoinPoint) throws java.lang.Throwable
14:57:06  DEBUG o.s.a.a.a.ReflectiveAspectJAdvisorFactory - Found AspectJ method: public void io.appium.java_client.events.DefaultAspect.afterWindowIsResized(org.aspectj.lang.JoinPoint) throws java.lang.Throwable
14:57:06  DEBUG o.s.a.a.a.ReflectiveAspectJAdvisorFactory - Found AspectJ method: public void io.appium.java_client.events.DefaultAspect.afterTakeScreenShot(org.aspectj.lang.JoinPoint,java.lang.Object) throws java.lang.Throwable
14:57:06  DEBUG o.s.a.a.a.ReflectiveAspectJAdvisorFactory - Found AspectJ method: public java.lang.Object io.appium.java_client.events.DefaultAspect.doAround(org.aspectj.lang.ProceedingJoinPoint) throws java.lang.Throwable
14:57:06  DEBUG o.s.a.a.a.ReflectiveAspectJAdvisorFactory - Found AspectJ method: public void io.appium.java_client.events.DefaultAspect.beforeAlertAccept(org.aspectj.lang.JoinPoint) throws java.lang.Throwable
14:57:06  DEBUG o.s.a.a.a.ReflectiveAspectJAdvisorFactory - Found AspectJ method: public void io.appium.java_client.events.DefaultAspect.beforeAlertDismiss(org.aspectj.lang.JoinPoint) throws java.lang.Throwable
14:57:06  DEBUG o.s.a.a.a.ReflectiveAspectJAdvisorFactory - Found AspectJ method: public void io.appium.java_client.events.DefaultAspect.beforeAlertSendKeys(org.aspectj.lang.JoinPoint) throws java.lang.Throwable
14:57:06  DEBUG o.s.a.a.a.ReflectiveAspectJAdvisorFactory - Found AspectJ method: public void io.appium.java_client.events.DefaultAspect.beforeChangeValueOf(org.aspectj.lang.JoinPoint) throws java.lang.Throwable
14:57:06  DEBUG o.s.a.a.a.ReflectiveAspectJAdvisorFactory - Found AspectJ method: public void io.appium.java_client.events.DefaultAspect.beforeClickOn(org.aspectj.lang.JoinPoint) throws java.lang.Throwable
14:57:06  DEBUG o.s.a.a.a.ReflectiveAspectJAdvisorFactory - Found AspectJ method: public void io.appium.java_client.events.DefaultAspect.beforeFindBy(org.aspectj.lang.JoinPoint) throws java.lang.Throwable
14:57:06  DEBUG o.s.a.a.a.ReflectiveAspectJAdvisorFactory - Found AspectJ method: public void io.appium.java_client.events.DefaultAspect.beforeMaximization(org.aspectj.lang.JoinPoint) throws java.lang.Throwable
14:57:06  DEBUG o.s.a.a.a.ReflectiveAspectJAdvisorFactory - Found AspectJ method: public void io.appium.java_client.events.DefaultAspect.beforeNavigateBack(org.aspectj.lang.JoinPoint) throws java.lang.Throwable
14:57:06  DEBUG o.s.a.a.a.ReflectiveAspectJAdvisorFactory - Found AspectJ method: public void io.appium.java_client.events.DefaultAspect.beforeNavigateForward(org.aspectj.lang.JoinPoint) throws java.lang.Throwable
14:57:06  DEBUG o.s.a.a.a.ReflectiveAspectJAdvisorFactory - Found AspectJ method: public void io.appium.java_client.events.DefaultAspect.beforeNavigateRefresh(org.aspectj.lang.JoinPoint) throws java.lang.Throwable
14:57:06  DEBUG o.s.a.a.a.ReflectiveAspectJAdvisorFactory - Found AspectJ method: public void io.appium.java_client.events.DefaultAspect.beforeNavigateTo(org.aspectj.lang.JoinPoint) throws java.lang.Throwable
14:57:06  DEBUG o.s.a.a.a.ReflectiveAspectJAdvisorFactory - Found AspectJ method: public void io.appium.java_client.events.DefaultAspect.beforeRotation(org.aspectj.lang.JoinPoint) throws java.lang.Throwable
14:57:06  DEBUG o.s.a.a.a.ReflectiveAspectJAdvisorFactory - Found AspectJ method: public void io.appium.java_client.events.DefaultAspect.beforeScript(org.aspectj.lang.JoinPoint) throws java.lang.Throwable
14:57:06  DEBUG o.s.a.a.a.ReflectiveAspectJAdvisorFactory - Found AspectJ method: public void io.appium.java_client.events.DefaultAspect.beforeSwitchToWindow(org.aspectj.lang.JoinPoint) throws java.lang.Throwable
14:57:06  DEBUG o.s.a.a.a.ReflectiveAspectJAdvisorFactory - Found AspectJ method: public void io.appium.java_client.events.DefaultAspect.beforeSwitchingToContext(org.aspectj.lang.JoinPoint) throws java.lang.Throwable
14:57:06  DEBUG o.s.a.a.a.ReflectiveAspectJAdvisorFactory - Found AspectJ method: public void io.appium.java_client.events.DefaultAspect.beforeTakeScreenShot(org.aspectj.lang.JoinPoint) throws java.lang.Throwable
14:57:06  DEBUG o.s.a.a.a.ReflectiveAspectJAdvisorFactory - Found AspectJ method: public void io.appium.java_client.events.DefaultAspect.beforeWindowIsMoved(org.aspectj.lang.JoinPoint) throws java.lang.Throwable
14:57:06  DEBUG o.s.a.a.a.ReflectiveAspectJAdvisorFactory - Found AspectJ method: public void io.appium.java_client.events.DefaultAspect.beforeWindowIsResized(org.aspectj.lang.JoinPoint) throws java.lang.Throwable
14:57:06  DEBUG o.s.a.a.a.ReflectiveAspectJAdvisorFactory - Found AspectJ method: public void io.appium.java_client.events.DefaultAspect.afterAlertAccept(org.aspectj.lang.JoinPoint) throws java.lang.Throwable
14:57:06  DEBUG o.s.a.a.a.ReflectiveAspectJAdvisorFactory - Found AspectJ method: public void io.appium.java_client.events.DefaultAspect.afterAlertDismiss(org.aspectj.lang.JoinPoint) throws java.lang.Throwable
14:57:06  DEBUG o.s.a.a.a.ReflectiveAspectJAdvisorFactory - Found AspectJ method: public void io.appium.java_client.events.DefaultAspect.afterAlertSendKeys(org.aspectj.lang.JoinPoint) throws java.lang.Throwable
14:57:06  DEBUG o.s.a.a.a.ReflectiveAspectJAdvisorFactory - Found AspectJ method: public void io.appium.java_client.events.DefaultAspect.afterChangeValueOf(org.aspectj.lang.JoinPoint) throws java.lang.Throwable
14:57:06  DEBUG o.s.a.a.a.ReflectiveAspectJAdvisorFactory - Found AspectJ method: public void io.appium.java_client.events.DefaultAspect.afterClickOn(org.aspectj.lang.JoinPoint) throws java.lang.Throwable
14:57:06  DEBUG o.s.a.a.a.ReflectiveAspectJAdvisorFactory - Found AspectJ method: public void io.appium.java_client.events.DefaultAspect.afterFindBy(org.aspectj.lang.JoinPoint) throws java.lang.Throwable
14:57:06  DEBUG o.s.a.a.a.ReflectiveAspectJAdvisorFactory - Found AspectJ method: public void io.appium.java_client.events.DefaultAspect.afterMaximization(org.aspectj.lang.JoinPoint) throws java.lang.Throwable
14:57:06  DEBUG o.s.a.a.a.ReflectiveAspectJAdvisorFactory - Found AspectJ method: public void io.appium.java_client.events.DefaultAspect.afterNavigateBack(org.aspectj.lang.JoinPoint) throws java.lang.Throwable
14:57:06  DEBUG o.s.a.a.a.ReflectiveAspectJAdvisorFactory - Found AspectJ method: public void io.appium.java_client.events.DefaultAspect.afterNavigateForward(org.aspectj.lang.JoinPoint) throws java.lang.Throwable
14:57:06  DEBUG o.s.a.a.a.ReflectiveAspectJAdvisorFactory - Found AspectJ method: public void io.appium.java_client.events.DefaultAspect.afterNavigateRefresh(org.aspectj.lang.JoinPoint) throws java.lang.Throwable
14:57:06  DEBUG o.s.a.a.a.ReflectiveAspectJAdvisorFactory - Found AspectJ method: public void io.appium.java_client.events.DefaultAspect.afterNavigateTo(org.aspectj.lang.JoinPoint) throws java.lang.Throwable
14:57:06  DEBUG o.s.a.a.a.ReflectiveAspectJAdvisorFactory - Found AspectJ method: public void io.appium.java_client.events.DefaultAspect.afterRotation(org.aspectj.lang.JoinPoint) throws java.lang.Throwable
14:57:06  DEBUG o.s.a.a.a.ReflectiveAspectJAdvisorFactory - Found AspectJ method: public void io.appium.java_client.events.DefaultAspect.afterScript(org.aspectj.lang.JoinPoint) throws java.lang.Throwable
14:57:06  DEBUG o.s.a.a.a.ReflectiveAspectJAdvisorFactory - Found AspectJ method: public void io.appium.java_client.events.DefaultAspect.afterSwitchToWindow(org.aspectj.lang.JoinPoint) throws java.lang.Throwable
14:57:06  DEBUG o.s.a.a.a.ReflectiveAspectJAdvisorFactory - Found AspectJ method: public void io.appium.java_client.events.DefaultAspect.afterSwitchingToContextn(org.aspectj.lang.JoinPoint) throws java.lang.Throwable
14:57:06  DEBUG o.s.a.a.a.ReflectiveAspectJAdvisorFactory - Found AspectJ method: public void io.appium.java_client.events.DefaultAspect.afterWindowIsMoved(org.aspectj.lang.JoinPoint) throws java.lang.Throwable
14:57:06  DEBUG o.s.a.a.a.ReflectiveAspectJAdvisorFactory - Found AspectJ method: public void io.appium.java_client.events.DefaultAspect.afterWindowIsResized(org.aspectj.lang.JoinPoint) throws java.lang.Throwable
14:57:06  DEBUG o.s.a.a.a.ReflectiveAspectJAdvisorFactory - Found AspectJ method: public void io.appium.java_client.events.DefaultAspect.afterTakeScreenShot(org.aspectj.lang.JoinPoint,java.lang.Object) throws java.lang.Throwable
14:57:06  INFO  congigWiki.AppiumListener - Star find element---By.xpath: //*[@resource-id= 'org.wikipedia:id/explore_overflow_account_name']
14:57:06  INFO  congigWiki.AppiumListener - The element was found---By.xpath: //*[@resource-id= 'org.wikipedia:id/explore_overflow_account_name']
14:57:06  DEBUG o.s.a.a.a.ReflectiveAspectJAdvisorFactory - Found AspectJ method: public java.lang.Object io.appium.java_client.events.DefaultAspect.doAround(org.aspectj.lang.ProceedingJoinPoint) throws java.lang.Throwable
14:57:06  DEBUG o.s.a.a.a.ReflectiveAspectJAdvisorFactory - Found AspectJ method: public void io.appium.java_client.events.DefaultAspect.beforeAlertAccept(org.aspectj.lang.JoinPoint) throws java.lang.Throwable
14:57:06  DEBUG o.s.a.a.a.ReflectiveAspectJAdvisorFactory - Found AspectJ method: public void io.appium.java_client.events.DefaultAspect.beforeAlertDismiss(org.aspectj.lang.JoinPoint) throws java.lang.Throwable
14:57:06  DEBUG o.s.a.a.a.ReflectiveAspectJAdvisorFactory - Found AspectJ method: public void io.appium.java_client.events.DefaultAspect.beforeAlertSendKeys(org.aspectj.lang.JoinPoint) throws java.lang.Throwable
14:57:06  DEBUG o.s.a.a.a.ReflectiveAspectJAdvisorFactory - Found AspectJ method: public void io.appium.java_client.events.DefaultAspect.beforeChangeValueOf(org.aspectj.lang.JoinPoint) throws java.lang.Throwable
14:57:06  DEBUG o.s.a.a.a.ReflectiveAspectJAdvisorFactory - Found AspectJ method: public void io.appium.java_client.events.DefaultAspect.beforeClickOn(org.aspectj.lang.JoinPoint) throws java.lang.Throwable
14:57:06  DEBUG o.s.a.a.a.ReflectiveAspectJAdvisorFactory - Found AspectJ method: public void io.appium.java_client.events.DefaultAspect.beforeFindBy(org.aspectj.lang.JoinPoint) throws java.lang.Throwable
14:57:06  DEBUG o.s.a.a.a.ReflectiveAspectJAdvisorFactory - Found AspectJ method: public void io.appium.java_client.events.DefaultAspect.beforeMaximization(org.aspectj.lang.JoinPoint) throws java.lang.Throwable
14:57:06  DEBUG o.s.a.a.a.ReflectiveAspectJAdvisorFactory - Found AspectJ method: public void io.appium.java_client.events.DefaultAspect.beforeNavigateBack(org.aspectj.lang.JoinPoint) throws java.lang.Throwable
14:57:06  DEBUG o.s.a.a.a.ReflectiveAspectJAdvisorFactory - Found AspectJ method: public void io.appium.java_client.events.DefaultAspect.beforeNavigateForward(org.aspectj.lang.JoinPoint) throws java.lang.Throwable
14:57:06  DEBUG o.s.a.a.a.ReflectiveAspectJAdvisorFactory - Found AspectJ method: public void io.appium.java_client.events.DefaultAspect.beforeNavigateRefresh(org.aspectj.lang.JoinPoint) throws java.lang.Throwable
14:57:06  DEBUG o.s.a.a.a.ReflectiveAspectJAdvisorFactory - Found AspectJ method: public void io.appium.java_client.events.DefaultAspect.beforeNavigateTo(org.aspectj.lang.JoinPoint) throws java.lang.Throwable
14:57:06  DEBUG o.s.a.a.a.ReflectiveAspectJAdvisorFactory - Found AspectJ method: public void io.appium.java_client.events.DefaultAspect.beforeRotation(org.aspectj.lang.JoinPoint) throws java.lang.Throwable
14:57:06  DEBUG o.s.a.a.a.ReflectiveAspectJAdvisorFactory - Found AspectJ method: public void io.appium.java_client.events.DefaultAspect.beforeScript(org.aspectj.lang.JoinPoint) throws java.lang.Throwable
14:57:06  DEBUG o.s.a.a.a.ReflectiveAspectJAdvisorFactory - Found AspectJ method: public void io.appium.java_client.events.DefaultAspect.beforeSwitchToWindow(org.aspectj.lang.JoinPoint) throws java.lang.Throwable
14:57:06  DEBUG o.s.a.a.a.ReflectiveAspectJAdvisorFactory - Found AspectJ method: public void io.appium.java_client.events.DefaultAspect.beforeSwitchingToContext(org.aspectj.lang.JoinPoint) throws java.lang.Throwable
14:57:06  DEBUG o.s.a.a.a.ReflectiveAspectJAdvisorFactory - Found AspectJ method: public void io.appium.java_client.events.DefaultAspect.beforeTakeScreenShot(org.aspectj.lang.JoinPoint) throws java.lang.Throwable
14:57:06  DEBUG o.s.a.a.a.ReflectiveAspectJAdvisorFactory - Found AspectJ method: public void io.appium.java_client.events.DefaultAspect.beforeWindowIsMoved(org.aspectj.lang.JoinPoint) throws java.lang.Throwable
14:57:06  DEBUG o.s.a.a.a.ReflectiveAspectJAdvisorFactory - Found AspectJ method: public void io.appium.java_client.events.DefaultAspect.beforeWindowIsResized(org.aspectj.lang.JoinPoint) throws java.lang.Throwable
14:57:06  DEBUG o.s.a.a.a.ReflectiveAspectJAdvisorFactory - Found AspectJ method: public void io.appium.java_client.events.DefaultAspect.afterAlertAccept(org.aspectj.lang.JoinPoint) throws java.lang.Throwable
14:57:06  DEBUG o.s.a.a.a.ReflectiveAspectJAdvisorFactory - Found AspectJ method: public void io.appium.java_client.events.DefaultAspect.afterAlertDismiss(org.aspectj.lang.JoinPoint) throws java.lang.Throwable
14:57:06  DEBUG o.s.a.a.a.ReflectiveAspectJAdvisorFactory - Found AspectJ method: public void io.appium.java_client.events.DefaultAspect.afterAlertSendKeys(org.aspectj.lang.JoinPoint) throws java.lang.Throwable
14:57:06  DEBUG o.s.a.a.a.ReflectiveAspectJAdvisorFactory - Found AspectJ method: public void io.appium.java_client.events.DefaultAspect.afterChangeValueOf(org.aspectj.lang.JoinPoint) throws java.lang.Throwable
14:57:06  DEBUG o.s.a.a.a.ReflectiveAspectJAdvisorFactory - Found AspectJ method: public void io.appium.java_client.events.DefaultAspect.afterClickOn(org.aspectj.lang.JoinPoint) throws java.lang.Throwable
14:57:06  DEBUG o.s.a.a.a.ReflectiveAspectJAdvisorFactory - Found AspectJ method: public void io.appium.java_client.events.DefaultAspect.afterFindBy(org.aspectj.lang.JoinPoint) throws java.lang.Throwable
14:57:06  DEBUG o.s.a.a.a.ReflectiveAspectJAdvisorFactory - Found AspectJ method: public void io.appium.java_client.events.DefaultAspect.afterMaximization(org.aspectj.lang.JoinPoint) throws java.lang.Throwable
14:57:06  DEBUG o.s.a.a.a.ReflectiveAspectJAdvisorFactory - Found AspectJ method: public void io.appium.java_client.events.DefaultAspect.afterNavigateBack(org.aspectj.lang.JoinPoint) throws java.lang.Throwable
14:57:06  DEBUG o.s.a.a.a.ReflectiveAspectJAdvisorFactory - Found AspectJ method: public void io.appium.java_client.events.DefaultAspect.afterNavigateForward(org.aspectj.lang.JoinPoint) throws java.lang.Throwable
14:57:06  DEBUG o.s.a.a.a.ReflectiveAspectJAdvisorFactory - Found AspectJ method: public void io.appium.java_client.events.DefaultAspect.afterNavigateRefresh(org.aspectj.lang.JoinPoint) throws java.lang.Throwable
14:57:06  DEBUG o.s.a.a.a.ReflectiveAspectJAdvisorFactory - Found AspectJ method: public void io.appium.java_client.events.DefaultAspect.afterNavigateTo(org.aspectj.lang.JoinPoint) throws java.lang.Throwable
14:57:06  DEBUG o.s.a.a.a.ReflectiveAspectJAdvisorFactory - Found AspectJ method: public void io.appium.java_client.events.DefaultAspect.afterRotation(org.aspectj.lang.JoinPoint) throws java.lang.Throwable
14:57:06  DEBUG o.s.a.a.a.ReflectiveAspectJAdvisorFactory - Found AspectJ method: public void io.appium.java_client.events.DefaultAspect.afterScript(org.aspectj.lang.JoinPoint) throws java.lang.Throwable
14:57:06  DEBUG o.s.a.a.a.ReflectiveAspectJAdvisorFactory - Found AspectJ method: public void io.appium.java_client.events.DefaultAspect.afterSwitchToWindow(org.aspectj.lang.JoinPoint) throws java.lang.Throwable
14:57:06  DEBUG o.s.a.a.a.ReflectiveAspectJAdvisorFactory - Found AspectJ method: public void io.appium.java_client.events.DefaultAspect.afterSwitchingToContextn(org.aspectj.lang.JoinPoint) throws java.lang.Throwable
14:57:06  DEBUG o.s.a.a.a.ReflectiveAspectJAdvisorFactory - Found AspectJ method: public void io.appium.java_client.events.DefaultAspect.afterWindowIsMoved(org.aspectj.lang.JoinPoint) throws java.lang.Throwable
14:57:06  DEBUG o.s.a.a.a.ReflectiveAspectJAdvisorFactory - Found AspectJ method: public void io.appium.java_client.events.DefaultAspect.afterWindowIsResized(org.aspectj.lang.JoinPoint) throws java.lang.Throwable
14:57:06  DEBUG o.s.a.a.a.ReflectiveAspectJAdvisorFactory - Found AspectJ method: public void io.appium.java_client.events.DefaultAspect.afterTakeScreenShot(org.aspectj.lang.JoinPoint,java.lang.Object) throws java.lang.Throwable
14:57:06  DEBUG o.s.a.a.a.ReflectiveAspectJAdvisorFactory - Found AspectJ method: public java.lang.Object io.appium.java_client.events.DefaultAspect.doAround(org.aspectj.lang.ProceedingJoinPoint) throws java.lang.Throwable
14:57:06  DEBUG o.s.a.a.a.ReflectiveAspectJAdvisorFactory - Found AspectJ method: public void io.appium.java_client.events.DefaultAspect.beforeAlertAccept(org.aspectj.lang.JoinPoint) throws java.lang.Throwable
14:57:06  DEBUG o.s.a.a.a.ReflectiveAspectJAdvisorFactory - Found AspectJ method: public void io.appium.java_client.events.DefaultAspect.beforeAlertDismiss(org.aspectj.lang.JoinPoint) throws java.lang.Throwable
14:57:06  DEBUG o.s.a.a.a.ReflectiveAspectJAdvisorFactory - Found AspectJ method: public void io.appium.java_client.events.DefaultAspect.beforeAlertSendKeys(org.aspectj.lang.JoinPoint) throws java.lang.Throwable
14:57:06  DEBUG o.s.a.a.a.ReflectiveAspectJAdvisorFactory - Found AspectJ method: public void io.appium.java_client.events.DefaultAspect.beforeChangeValueOf(org.aspectj.lang.JoinPoint) throws java.lang.Throwable
14:57:06  DEBUG o.s.a.a.a.ReflectiveAspectJAdvisorFactory - Found AspectJ method: public void io.appium.java_client.events.DefaultAspect.beforeClickOn(org.aspectj.lang.JoinPoint) throws java.lang.Throwable
14:57:06  DEBUG o.s.a.a.a.ReflectiveAspectJAdvisorFactory - Found AspectJ method: public void io.appium.java_client.events.DefaultAspect.beforeFindBy(org.aspectj.lang.JoinPoint) throws java.lang.Throwable
14:57:06  DEBUG o.s.a.a.a.ReflectiveAspectJAdvisorFactory - Found AspectJ method: public void io.appium.java_client.events.DefaultAspect.beforeMaximization(org.aspectj.lang.JoinPoint) throws java.lang.Throwable
14:57:06  DEBUG o.s.a.a.a.ReflectiveAspectJAdvisorFactory - Found AspectJ method: public void io.appium.java_client.events.DefaultAspect.beforeNavigateBack(org.aspectj.lang.JoinPoint) throws java.lang.Throwable
14:57:06  DEBUG o.s.a.a.a.ReflectiveAspectJAdvisorFactory - Found AspectJ method: public void io.appium.java_client.events.DefaultAspect.beforeNavigateForward(org.aspectj.lang.JoinPoint) throws java.lang.Throwable
14:57:06  DEBUG o.s.a.a.a.ReflectiveAspectJAdvisorFactory - Found AspectJ method: public void io.appium.java_client.events.DefaultAspect.beforeNavigateRefresh(org.aspectj.lang.JoinPoint) throws java.lang.Throwable
14:57:06  DEBUG o.s.a.a.a.ReflectiveAspectJAdvisorFactory - Found AspectJ method: public void io.appium.java_client.events.DefaultAspect.beforeNavigateTo(org.aspectj.lang.JoinPoint) throws java.lang.Throwable
14:57:06  DEBUG o.s.a.a.a.ReflectiveAspectJAdvisorFactory - Found AspectJ method: public void io.appium.java_client.events.DefaultAspect.beforeRotation(org.aspectj.lang.JoinPoint) throws java.lang.Throwable
14:57:06  DEBUG o.s.a.a.a.ReflectiveAspectJAdvisorFactory - Found AspectJ method: public void io.appium.java_client.events.DefaultAspect.beforeScript(org.aspectj.lang.JoinPoint) throws java.lang.Throwable
14:57:06  DEBUG o.s.a.a.a.ReflectiveAspectJAdvisorFactory - Found AspectJ method: public void io.appium.java_client.events.DefaultAspect.beforeSwitchToWindow(org.aspectj.lang.JoinPoint) throws java.lang.Throwable
14:57:06  DEBUG o.s.a.a.a.ReflectiveAspectJAdvisorFactory - Found AspectJ method: public void io.appium.java_client.events.DefaultAspect.beforeSwitchingToContext(org.aspectj.lang.JoinPoint) throws java.lang.Throwable
14:57:06  DEBUG o.s.a.a.a.ReflectiveAspectJAdvisorFactory - Found AspectJ method: public void io.appium.java_client.events.DefaultAspect.beforeTakeScreenShot(org.aspectj.lang.JoinPoint) throws java.lang.Throwable
14:57:06  DEBUG o.s.a.a.a.ReflectiveAspectJAdvisorFactory - Found AspectJ method: public void io.appium.java_client.events.DefaultAspect.beforeWindowIsMoved(org.aspectj.lang.JoinPoint) throws java.lang.Throwable
14:57:06  DEBUG o.s.a.a.a.ReflectiveAspectJAdvisorFactory - Found AspectJ method: public void io.appium.java_client.events.DefaultAspect.beforeWindowIsResized(org.aspectj.lang.JoinPoint) throws java.lang.Throwable
14:57:06  DEBUG o.s.a.a.a.ReflectiveAspectJAdvisorFactory - Found AspectJ method: public void io.appium.java_client.events.DefaultAspect.afterAlertAccept(org.aspectj.lang.JoinPoint) throws java.lang.Throwable
14:57:06  DEBUG o.s.a.a.a.ReflectiveAspectJAdvisorFactory - Found AspectJ method: public void io.appium.java_client.events.DefaultAspect.afterAlertDismiss(org.aspectj.lang.JoinPoint) throws java.lang.Throwable
14:57:06  DEBUG o.s.a.a.a.ReflectiveAspectJAdvisorFactory - Found AspectJ method: public void io.appium.java_client.events.DefaultAspect.afterAlertSendKeys(org.aspectj.lang.JoinPoint) throws java.lang.Throwable
14:57:06  DEBUG o.s.a.a.a.ReflectiveAspectJAdvisorFactory - Found AspectJ method: public void io.appium.java_client.events.DefaultAspect.afterChangeValueOf(org.aspectj.lang.JoinPoint) throws java.lang.Throwable
14:57:06  DEBUG o.s.a.a.a.ReflectiveAspectJAdvisorFactory - Found AspectJ method: public void io.appium.java_client.events.DefaultAspect.afterClickOn(org.aspectj.lang.JoinPoint) throws java.lang.Throwable
14:57:06  DEBUG o.s.a.a.a.ReflectiveAspectJAdvisorFactory - Found AspectJ method: public void io.appium.java_client.events.DefaultAspect.afterFindBy(org.aspectj.lang.JoinPoint) throws java.lang.Throwable
14:57:06  DEBUG o.s.a.a.a.ReflectiveAspectJAdvisorFactory - Found AspectJ method: public void io.appium.java_client.events.DefaultAspect.afterMaximization(org.aspectj.lang.JoinPoint) throws java.lang.Throwable
14:57:06  DEBUG o.s.a.a.a.ReflectiveAspectJAdvisorFactory - Found AspectJ method: public void io.appium.java_client.events.DefaultAspect.afterNavigateBack(org.aspectj.lang.JoinPoint) throws java.lang.Throwable
14:57:06  DEBUG o.s.a.a.a.ReflectiveAspectJAdvisorFactory - Found AspectJ method: public void io.appium.java_client.events.DefaultAspect.afterNavigateForward(org.aspectj.lang.JoinPoint) throws java.lang.Throwable
14:57:06  DEBUG o.s.a.a.a.ReflectiveAspectJAdvisorFactory - Found AspectJ method: public void io.appium.java_client.events.DefaultAspect.afterNavigateRefresh(org.aspectj.lang.JoinPoint) throws java.lang.Throwable
14:57:06  DEBUG o.s.a.a.a.ReflectiveAspectJAdvisorFactory - Found AspectJ method: public void io.appium.java_client.events.DefaultAspect.afterNavigateTo(org.aspectj.lang.JoinPoint) throws java.lang.Throwable
14:57:06  DEBUG o.s.a.a.a.ReflectiveAspectJAdvisorFactory - Found AspectJ method: public void io.appium.java_client.events.DefaultAspect.afterRotation(org.aspectj.lang.JoinPoint) throws java.lang.Throwable
14:57:06  DEBUG o.s.a.a.a.ReflectiveAspectJAdvisorFactory - Found AspectJ method: public void io.appium.java_client.events.DefaultAspect.afterScript(org.aspectj.lang.JoinPoint) throws java.lang.Throwable
14:57:06  DEBUG o.s.a.a.a.ReflectiveAspectJAdvisorFactory - Found AspectJ method: public void io.appium.java_client.events.DefaultAspect.afterSwitchToWindow(org.aspectj.lang.JoinPoint) throws java.lang.Throwable
14:57:06  DEBUG o.s.a.a.a.ReflectiveAspectJAdvisorFactory - Found AspectJ method: public void io.appium.java_client.events.DefaultAspect.afterSwitchingToContextn(org.aspectj.lang.JoinPoint) throws java.lang.Throwable
14:57:06  DEBUG o.s.a.a.a.ReflectiveAspectJAdvisorFactory - Found AspectJ method: public void io.appium.java_client.events.DefaultAspect.afterWindowIsMoved(org.aspectj.lang.JoinPoint) throws java.lang.Throwable
14:57:06  DEBUG o.s.a.a.a.ReflectiveAspectJAdvisorFactory - Found AspectJ method: public void io.appium.java_client.events.DefaultAspect.afterWindowIsResized(org.aspectj.lang.JoinPoint) throws java.lang.Throwable
14:57:06  DEBUG o.s.a.a.a.ReflectiveAspectJAdvisorFactory - Found AspectJ method: public void io.appium.java_client.events.DefaultAspect.afterTakeScreenShot(org.aspectj.lang.JoinPoint,java.lang.Object) throws java.lang.Throwable
14:57:07  INFO  congigWiki.AppiumListener - Star find element---By.xpath: //*[@resource-id='org.wikipedia:id/login_username_text']
14:57:07  INFO  congigWiki.AppiumListener - The element was found---By.xpath: //*[@resource-id='org.wikipedia:id/login_username_text']
14:57:07  INFO  congigWiki.AppiumListener - You have a problen---An element could not be located on the page using the given search parameters.
For documentation on this error, please visit: https://www.seleniumhq.org/exceptions/no_such_element.html
Build info: version: '3.141.59', revision: 'e82be7d358', time: '2018-11-14T08:17:03'
System info: host: 'LAPTOP-BETKQUU3', ip: '192.168.243.74', os.name: 'Windows 10', os.arch: 'amd64', os.version: '10.0', java.version: '1.8.0_301'
Driver info: io.appium.java_client.AppiumDriver
Capabilities {app: C:/Users/julia/Documents/QA..., appActivities: .main.MainActivity, appPackage: org.wikipedia, automationName: Appium, databaseEnabled: false, desired: {app: C:/Users/julia/Documents/QA..., appActivities: .main.MainActivity, appPackage: org.wikipedia, automationName: Appium, deviceName: qa_new, platformName: android, platformVersion: 8.1}, deviceApiLevel: 27, deviceManufacturer: Google, deviceModel: Android SDK built for x86, deviceName: emulator-5554, deviceScreenDensity: 480, deviceScreenSize: 1080x1920, deviceUDID: emulator-5554, javascriptEnabled: true, locationContextEnabled: false, networkConnectionEnabled: true, pixelRatio: 3, platform: LINUX, platformName: Android, platformVersion: 8.1.0, statBarHeight: 72, takesScreenshot: true, viewportRect: {height: 1704, left: 0, top: 72, width: 1080}, warnings: {}, webStorageEnabled: false}
Session ID: 81d33209-d8c1-4a48-8ea3-40098b60be5e
*** Element info: {Using=xpath, value=//*[@resource-id='org.wikipedia:id/login_username_text']}[Ljava.lang.StackTraceElement;@46a3ad42
14:57:08  INFO  congigWiki.AppiumListener - Screen with error in ---C:\Users\julia\Documents\QA\QA_Automation\QA\qa_wiki_1\src\test\Screenshots\scr3428.png
